#! /c/Source/iverilog-install/bin/vvp
:ivl_version "12.0 (devel)" "(s20150603-1539-g2693dd32b)";
:ivl_delay_selection "TYPICAL";
:vpi_time_precision + 0;
:vpi_module "C:\iverilog\lib\ivl\system.vpi";
:vpi_module "C:\iverilog\lib\ivl\vhdl_sys.vpi";
:vpi_module "C:\iverilog\lib\ivl\vhdl_textio.vpi";
:vpi_module "C:\iverilog\lib\ivl\v2005_math.vpi";
:vpi_module "C:\iverilog\lib\ivl\va_math.vpi";
S_0000024f0e6c4a70 .scope module, "MixColumns" "MixColumns" 2 1;
 .timescale 0 0;
    .port_info 0 /INPUT 32 "in";
    .port_info 1 /OUTPUT 32 "out";
v0000024f0e6cfba0_0 .array/port v0000024f0e6cfba0, 0;
L_0000024f0e6d0c90 .functor AND 16, v0000024f0e6cfba0_0, L_0000024f0e72f9e0, C4<1111111111111111>, C4<1111111111111111>;
v0000024f0e6cfba0_1 .array/port v0000024f0e6cfba0, 1;
L_0000024f0e6d0910 .functor AND 16, v0000024f0e6cfba0_1, L_0000024f0e730660, C4<1111111111111111>, C4<1111111111111111>;
L_0000024f0e6d09f0 .functor XOR 16, L_0000024f0e6d0c90, L_0000024f0e6d0910, C4<0000000000000000>, C4<0000000000000000>;
v0000024f0e6cfba0_2 .array/port v0000024f0e6cfba0, 2;
L_0000024f0e6d0ad0 .functor AND 16, v0000024f0e6cfba0_2, L_0000024f0e72fa80, C4<1111111111111111>, C4<1111111111111111>;
L_0000024f0e6d0fa0 .functor XOR 16, L_0000024f0e6d09f0, L_0000024f0e6d0ad0, C4<0000000000000000>, C4<0000000000000000>;
v0000024f0e6cfba0_3 .array/port v0000024f0e6cfba0, 3;
L_0000024f0e6d10f0 .functor AND 16, v0000024f0e6cfba0_3, L_0000024f0e72fbc0, C4<1111111111111111>, C4<1111111111111111>;
L_0000024f0e6d0c20 .functor XOR 16, L_0000024f0e6d0fa0, L_0000024f0e6d10f0, C4<0000000000000000>, C4<0000000000000000>;
v0000024f0e6cfba0_4 .array/port v0000024f0e6cfba0, 4;
L_0000024f0e6d0a60 .functor AND 16, v0000024f0e6cfba0_4, L_0000024f0e730c00, C4<1111111111111111>, C4<1111111111111111>;
v0000024f0e6cfba0_5 .array/port v0000024f0e6cfba0, 5;
L_0000024f0e6d1240 .functor AND 16, v0000024f0e6cfba0_5, L_0000024f0e72fd00, C4<1111111111111111>, C4<1111111111111111>;
L_0000024f0e6d0600 .functor XOR 16, L_0000024f0e6d0a60, L_0000024f0e6d1240, C4<0000000000000000>, C4<0000000000000000>;
v0000024f0e6cfba0_6 .array/port v0000024f0e6cfba0, 6;
L_0000024f0e6d0d00 .functor AND 16, v0000024f0e6cfba0_6, L_0000024f0e730020, C4<1111111111111111>, C4<1111111111111111>;
L_0000024f0e6d0e50 .functor XOR 16, L_0000024f0e6d0600, L_0000024f0e6d0d00, C4<0000000000000000>, C4<0000000000000000>;
v0000024f0e6cfba0_7 .array/port v0000024f0e6cfba0, 7;
L_0000024f0e6d12b0 .functor AND 16, v0000024f0e6cfba0_7, L_0000024f0e730520, C4<1111111111111111>, C4<1111111111111111>;
L_0000024f0e6d0830 .functor XOR 16, L_0000024f0e6d0e50, L_0000024f0e6d12b0, C4<0000000000000000>, C4<0000000000000000>;
L_0000024f0e6d1320 .functor AND 23, L_0000024f0e72fe40, L_0000024f0e72fee0, C4<11111111111111111111111>, C4<11111111111111111111111>;
L_0000024f0e6d0440 .functor AND 23, L_0000024f0e730f20, L_0000024f0e7308e0, C4<11111111111111111111111>, C4<11111111111111111111111>;
L_0000024f0e6d0b40 .functor XOR 23, L_0000024f0e6d1320, L_0000024f0e6d0440, C4<00000000000000000000000>, C4<00000000000000000000000>;
L_0000024f0e6d08a0 .functor AND 23, L_0000024f0e7303e0, L_0000024f0e7302a0, C4<11111111111111111111111>, C4<11111111111111111111111>;
L_0000024f0e6d0bb0 .functor XOR 23, L_0000024f0e6d0b40, L_0000024f0e6d08a0, C4<00000000000000000000000>, C4<00000000000000000000000>;
L_0000024f0e6d04b0 .functor AND 23, L_0000024f0e730fc0, L_0000024f0e730340, C4<11111111111111111111111>, C4<11111111111111111111111>;
L_0000024f0e6d0520 .functor XOR 23, L_0000024f0e6d0bb0, L_0000024f0e6d04b0, C4<00000000000000000000000>, C4<00000000000000000000000>;
L_0000024f0e6d0590 .functor AND 30, L_0000024f0e731380, L_0000024f0e731420, C4<111111111111111111111111111111>, C4<111111111111111111111111111111>;
L_0000024f0e7909a0 .functor AND 30, L_0000024f0e7314c0, L_0000024f0e730ac0, C4<111111111111111111111111111111>, C4<111111111111111111111111111111>;
L_0000024f0e7908c0 .functor XOR 30, L_0000024f0e6d0590, L_0000024f0e7909a0, C4<000000000000000000000000000000>, C4<000000000000000000000000000000>;
L_0000024f0e790cb0 .functor AND 30, L_0000024f0e731560, L_0000024f0e7316a0, C4<111111111111111111111111111111>, C4<111111111111111111111111111111>;
L_0000024f0e790d20 .functor XOR 30, L_0000024f0e7908c0, L_0000024f0e790cb0, C4<000000000000000000000000000000>, C4<000000000000000000000000000000>;
L_0000024f0e790e70 .functor AND 30, L_0000024f0e72f800, L_0000024f0e77bf50, C4<111111111111111111111111111111>, C4<111111111111111111111111111111>;
L_0000024f0e790ee0 .functor XOR 30, L_0000024f0e790d20, L_0000024f0e790e70, C4<000000000000000000000000000000>, C4<000000000000000000000000000000>;
v0000024f0e6cfba0 .array "Array", 15 0, 15 0;
v0000024f0e6ced40_0 .net *"_ivl_100", 7 0, L_0000024f0e730840;  1 drivers
v0000024f0e6ce200_0 .net *"_ivl_101", 22 0, L_0000024f0e72fee0;  1 drivers
L_0000024f0e731a50 .functor BUFT 1, C4<000000000000000>, C4<0>, C4<0>, C4<0>;
v0000024f0e6cf600_0 .net *"_ivl_104", 14 0, L_0000024f0e731a50;  1 drivers
v0000024f0e6ce2a0_0 .net *"_ivl_105", 22 0, L_0000024f0e6d1320;  1 drivers
v0000024f0e6cf740_0 .net *"_ivl_108", 22 0, L_0000024f0e730f20;  1 drivers
L_0000024f0e731a98 .functor BUFT 1, C4<0000000>, C4<0>, C4<0>, C4<0>;
v0000024f0e6cf6a0_0 .net *"_ivl_111", 6 0, L_0000024f0e731a98;  1 drivers
v0000024f0e6cede0_0 .net *"_ivl_113", 22 0, L_0000024f0e7308e0;  1 drivers
v0000024f0e6cfa60_0 .net *"_ivl_114", 22 0, L_0000024f0e6d0440;  1 drivers
v0000024f0e6cf4c0_0 .net *"_ivl_116", 22 0, L_0000024f0e6d0b40;  1 drivers
v0000024f0e6cf560_0 .net *"_ivl_119", 22 0, L_0000024f0e7303e0;  1 drivers
L_0000024f0e731ae0 .functor BUFT 1, C4<0000000>, C4<0>, C4<0>, C4<0>;
v0000024f0e6ce520_0 .net *"_ivl_122", 6 0, L_0000024f0e731ae0;  1 drivers
v0000024f0e6cef20_0 .net *"_ivl_124", 22 0, L_0000024f0e7302a0;  1 drivers
v0000024f0e6cfce0_0 .net *"_ivl_125", 22 0, L_0000024f0e6d08a0;  1 drivers
v0000024f0e6ce7a0_0 .net *"_ivl_127", 22 0, L_0000024f0e6d0bb0;  1 drivers
v0000024f0e6cfc40_0 .net *"_ivl_13", 7 0, L_0000024f0e7311a0;  1 drivers
v0000024f0e6ce3e0_0 .net *"_ivl_130", 22 0, L_0000024f0e730fc0;  1 drivers
L_0000024f0e731b28 .functor BUFT 1, C4<0000000>, C4<0>, C4<0>, C4<0>;
v0000024f0e6ce480_0 .net *"_ivl_133", 6 0, L_0000024f0e731b28;  1 drivers
v0000024f0e6cfd80_0 .net *"_ivl_135", 22 0, L_0000024f0e730340;  1 drivers
v0000024f0e6cfec0_0 .net *"_ivl_136", 22 0, L_0000024f0e6d04b0;  1 drivers
v0000024f0e6ce160_0 .net *"_ivl_138", 22 0, L_0000024f0e6d0520;  1 drivers
v0000024f0e6ce5c0_0 .net *"_ivl_14", 15 0, L_0000024f0e730660;  1 drivers
v0000024f0e6b6b90_0 .net *"_ivl_141", 7 0, L_0000024f0e730480;  1 drivers
v0000024f0e6b7090_0 .net *"_ivl_146", 29 0, L_0000024f0e731380;  1 drivers
L_0000024f0e731b70 .functor BUFT 1, C4<00000000000000>, C4<0>, C4<0>, C4<0>;
v0000024f0e72e940_0 .net *"_ivl_149", 13 0, L_0000024f0e731b70;  1 drivers
v0000024f0e72dae0_0 .net *"_ivl_151", 7 0, L_0000024f0e730980;  1 drivers
v0000024f0e72e800_0 .net *"_ivl_152", 29 0, L_0000024f0e731420;  1 drivers
L_0000024f0e731bb8 .functor BUFT 1, C4<0000000000000000000000>, C4<0>, C4<0>, C4<0>;
v0000024f0e72e580_0 .net *"_ivl_155", 21 0, L_0000024f0e731bb8;  1 drivers
v0000024f0e72e4e0_0 .net *"_ivl_156", 29 0, L_0000024f0e6d0590;  1 drivers
v0000024f0e72de00_0 .net *"_ivl_159", 29 0, L_0000024f0e7314c0;  1 drivers
L_0000024f0e731c00 .functor BUFT 1, C4<00000000000000>, C4<0>, C4<0>, C4<0>;
v0000024f0e72e620_0 .net *"_ivl_162", 13 0, L_0000024f0e731c00;  1 drivers
v0000024f0e72ebc0_0 .net *"_ivl_164", 29 0, L_0000024f0e730ac0;  1 drivers
v0000024f0e72d4a0_0 .net *"_ivl_165", 29 0, L_0000024f0e7909a0;  1 drivers
v0000024f0e72d180_0 .net *"_ivl_167", 29 0, L_0000024f0e7908c0;  1 drivers
L_0000024f0e731810 .functor BUFT 1, C4<00000000>, C4<0>, C4<0>, C4<0>;
v0000024f0e72dc20_0 .net *"_ivl_17", 7 0, L_0000024f0e731810;  1 drivers
v0000024f0e72e120_0 .net *"_ivl_170", 29 0, L_0000024f0e731560;  1 drivers
L_0000024f0e731c48 .functor BUFT 1, C4<00000000000000>, C4<0>, C4<0>, C4<0>;
v0000024f0e72d860_0 .net *"_ivl_173", 13 0, L_0000024f0e731c48;  1 drivers
v0000024f0e72ec60_0 .net *"_ivl_175", 29 0, L_0000024f0e7316a0;  1 drivers
v0000024f0e72dcc0_0 .net *"_ivl_176", 29 0, L_0000024f0e790cb0;  1 drivers
v0000024f0e72d040_0 .net *"_ivl_178", 29 0, L_0000024f0e790d20;  1 drivers
v0000024f0e72e6c0_0 .net *"_ivl_18", 15 0, L_0000024f0e6d0910;  1 drivers
v0000024f0e72e440_0 .net *"_ivl_181", 29 0, L_0000024f0e72f800;  1 drivers
L_0000024f0e731c90 .functor BUFT 1, C4<00000000000000>, C4<0>, C4<0>, C4<0>;
v0000024f0e72e260_0 .net *"_ivl_184", 13 0, L_0000024f0e731c90;  1 drivers
v0000024f0e72d0e0_0 .net *"_ivl_186", 29 0, L_0000024f0e77bf50;  1 drivers
v0000024f0e72e300_0 .net *"_ivl_187", 29 0, L_0000024f0e790e70;  1 drivers
v0000024f0e72d220_0 .net *"_ivl_189", 29 0, L_0000024f0e790ee0;  1 drivers
v0000024f0e72e080_0 .net *"_ivl_192", 7 0, L_0000024f0e77c130;  1 drivers
v0000024f0e72d2c0_0 .net *"_ivl_20", 15 0, L_0000024f0e6d09f0;  1 drivers
v0000024f0e72e760_0 .net *"_ivl_24", 7 0, L_0000024f0e730b60;  1 drivers
v0000024f0e72d680_0 .net *"_ivl_25", 15 0, L_0000024f0e72fa80;  1 drivers
L_0000024f0e731858 .functor BUFT 1, C4<00000000>, C4<0>, C4<0>, C4<0>;
v0000024f0e72df40_0 .net *"_ivl_28", 7 0, L_0000024f0e731858;  1 drivers
v0000024f0e72e3a0_0 .net *"_ivl_29", 15 0, L_0000024f0e6d0ad0;  1 drivers
v0000024f0e72e9e0_0 .net *"_ivl_31", 15 0, L_0000024f0e6d0fa0;  1 drivers
v0000024f0e72dfe0_0 .net *"_ivl_35", 7 0, L_0000024f0e731060;  1 drivers
v0000024f0e72ce60_0 .net *"_ivl_36", 15 0, L_0000024f0e72fbc0;  1 drivers
L_0000024f0e7318a0 .functor BUFT 1, C4<00000000>, C4<0>, C4<0>, C4<0>;
v0000024f0e72ea80_0 .net *"_ivl_39", 7 0, L_0000024f0e7318a0;  1 drivers
v0000024f0e72d540_0 .net *"_ivl_4", 7 0, L_0000024f0e730200;  1 drivers
v0000024f0e72e8a0_0 .net *"_ivl_40", 15 0, L_0000024f0e6d10f0;  1 drivers
v0000024f0e72eb20_0 .net *"_ivl_42", 15 0, L_0000024f0e6d0c20;  1 drivers
v0000024f0e72dea0_0 .net *"_ivl_45", 7 0, L_0000024f0e731600;  1 drivers
v0000024f0e72cf00_0 .net *"_ivl_5", 15 0, L_0000024f0e72f9e0;  1 drivers
v0000024f0e72cdc0_0 .net *"_ivl_50", 7 0, L_0000024f0e7305c0;  1 drivers
v0000024f0e72cfa0_0 .net *"_ivl_51", 15 0, L_0000024f0e730c00;  1 drivers
L_0000024f0e7318e8 .functor BUFT 1, C4<00000000>, C4<0>, C4<0>, C4<0>;
v0000024f0e72d360_0 .net *"_ivl_54", 7 0, L_0000024f0e7318e8;  1 drivers
v0000024f0e72d400_0 .net *"_ivl_55", 15 0, L_0000024f0e6d0a60;  1 drivers
v0000024f0e72e1c0_0 .net *"_ivl_59", 7 0, L_0000024f0e730700;  1 drivers
v0000024f0e72d5e0_0 .net *"_ivl_60", 15 0, L_0000024f0e72fd00;  1 drivers
L_0000024f0e731930 .functor BUFT 1, C4<00000000>, C4<0>, C4<0>, C4<0>;
v0000024f0e72d720_0 .net *"_ivl_63", 7 0, L_0000024f0e731930;  1 drivers
v0000024f0e72db80_0 .net *"_ivl_64", 15 0, L_0000024f0e6d1240;  1 drivers
v0000024f0e72d7c0_0 .net *"_ivl_66", 15 0, L_0000024f0e6d0600;  1 drivers
v0000024f0e72d900_0 .net *"_ivl_70", 7 0, L_0000024f0e72fda0;  1 drivers
v0000024f0e72d9a0_0 .net *"_ivl_71", 15 0, L_0000024f0e730020;  1 drivers
L_0000024f0e731978 .functor BUFT 1, C4<00000000>, C4<0>, C4<0>, C4<0>;
v0000024f0e72da40_0 .net *"_ivl_74", 7 0, L_0000024f0e731978;  1 drivers
v0000024f0e72dd60_0 .net *"_ivl_75", 15 0, L_0000024f0e6d0d00;  1 drivers
v0000024f0e7300c0_0 .net *"_ivl_77", 15 0, L_0000024f0e6d0e50;  1 drivers
L_0000024f0e7317c8 .functor BUFT 1, C4<00000000>, C4<0>, C4<0>, C4<0>;
v0000024f0e72fc60_0 .net *"_ivl_8", 7 0, L_0000024f0e7317c8;  1 drivers
v0000024f0e731240_0 .net *"_ivl_81", 7 0, L_0000024f0e730d40;  1 drivers
v0000024f0e730a20_0 .net *"_ivl_82", 15 0, L_0000024f0e730520;  1 drivers
L_0000024f0e7319c0 .functor BUFT 1, C4<00000000>, C4<0>, C4<0>, C4<0>;
v0000024f0e730ca0_0 .net *"_ivl_85", 7 0, L_0000024f0e7319c0;  1 drivers
v0000024f0e72fb20_0 .net *"_ivl_86", 15 0, L_0000024f0e6d12b0;  1 drivers
v0000024f0e72f8a0_0 .net *"_ivl_88", 15 0, L_0000024f0e6d0830;  1 drivers
v0000024f0e7312e0_0 .net *"_ivl_9", 15 0, L_0000024f0e6d0c90;  1 drivers
v0000024f0e730160_0 .net *"_ivl_91", 7 0, L_0000024f0e730e80;  1 drivers
v0000024f0e7307a0_0 .net *"_ivl_95", 22 0, L_0000024f0e72fe40;  1 drivers
L_0000024f0e731a08 .functor BUFT 1, C4<0000000>, C4<0>, C4<0>, C4<0>;
v0000024f0e72ff80_0 .net *"_ivl_98", 6 0, L_0000024f0e731a08;  1 drivers
o0000024f0e6dbf48 .functor BUFZ 32, C4<zzzzzzzzzzzzzzzzzzzzzzzzzzzzzzzz>; HiZ drive
v0000024f0e730de0_0 .net "in", 31 0, o0000024f0e6dbf48;  0 drivers
v0000024f0e72f940_0 .net "out", 31 0, L_0000024f0e731100;  1 drivers
L_0000024f0e730200 .part o0000024f0e6dbf48, 0, 8;
L_0000024f0e72f9e0 .concat [ 8 8 0 0], L_0000024f0e730200, L_0000024f0e7317c8;
L_0000024f0e7311a0 .part o0000024f0e6dbf48, 0, 8;
L_0000024f0e730660 .concat [ 8 8 0 0], L_0000024f0e7311a0, L_0000024f0e731810;
L_0000024f0e730b60 .part o0000024f0e6dbf48, 0, 8;
L_0000024f0e72fa80 .concat [ 8 8 0 0], L_0000024f0e730b60, L_0000024f0e731858;
L_0000024f0e731060 .part o0000024f0e6dbf48, 0, 8;
L_0000024f0e72fbc0 .concat [ 8 8 0 0], L_0000024f0e731060, L_0000024f0e7318a0;
L_0000024f0e731600 .part L_0000024f0e6d0c20, 0, 8;
L_0000024f0e7305c0 .part o0000024f0e6dbf48, 8, 8;
L_0000024f0e730c00 .concat [ 8 8 0 0], L_0000024f0e7305c0, L_0000024f0e7318e8;
L_0000024f0e730700 .part o0000024f0e6dbf48, 8, 8;
L_0000024f0e72fd00 .concat [ 8 8 0 0], L_0000024f0e730700, L_0000024f0e731930;
L_0000024f0e72fda0 .part o0000024f0e6dbf48, 8, 8;
L_0000024f0e730020 .concat [ 8 8 0 0], L_0000024f0e72fda0, L_0000024f0e731978;
L_0000024f0e730d40 .part o0000024f0e6dbf48, 8, 8;
L_0000024f0e730520 .concat [ 8 8 0 0], L_0000024f0e730d40, L_0000024f0e7319c0;
L_0000024f0e730e80 .part L_0000024f0e6d0830, 0, 8;
v0000024f0e6cfba0_8 .array/port v0000024f0e6cfba0, 8;
L_0000024f0e72fe40 .concat [ 16 7 0 0], v0000024f0e6cfba0_8, L_0000024f0e731a08;
L_0000024f0e730840 .part o0000024f0e6dbf48, 16, 8;
L_0000024f0e72fee0 .concat [ 8 15 0 0], L_0000024f0e730840, L_0000024f0e731a50;
v0000024f0e6cfba0_9 .array/port v0000024f0e6cfba0, 9;
L_0000024f0e730f20 .concat [ 16 7 0 0], v0000024f0e6cfba0_9, L_0000024f0e731a98;
L_0000024f0e7308e0 .part o0000024f0e6dbf48, 1, 23;
v0000024f0e6cfba0_10 .array/port v0000024f0e6cfba0, 10;
L_0000024f0e7303e0 .concat [ 16 7 0 0], v0000024f0e6cfba0_10, L_0000024f0e731ae0;
L_0000024f0e7302a0 .part o0000024f0e6dbf48, 1, 23;
v0000024f0e6cfba0_11 .array/port v0000024f0e6cfba0, 11;
L_0000024f0e730fc0 .concat [ 16 7 0 0], v0000024f0e6cfba0_11, L_0000024f0e731b28;
L_0000024f0e730340 .part o0000024f0e6dbf48, 1, 23;
L_0000024f0e730480 .part L_0000024f0e6d0520, 0, 8;
L_0000024f0e731100 .concat8 [ 8 8 8 8], L_0000024f0e731600, L_0000024f0e730e80, L_0000024f0e730480, L_0000024f0e77c130;
v0000024f0e6cfba0_12 .array/port v0000024f0e6cfba0, 12;
L_0000024f0e731380 .concat [ 16 14 0 0], v0000024f0e6cfba0_12, L_0000024f0e731b70;
L_0000024f0e730980 .part o0000024f0e6dbf48, 24, 8;
L_0000024f0e731420 .concat [ 8 22 0 0], L_0000024f0e730980, L_0000024f0e731bb8;
v0000024f0e6cfba0_13 .array/port v0000024f0e6cfba0, 13;
L_0000024f0e7314c0 .concat [ 16 14 0 0], v0000024f0e6cfba0_13, L_0000024f0e731c00;
L_0000024f0e730ac0 .part o0000024f0e6dbf48, 2, 30;
v0000024f0e6cfba0_14 .array/port v0000024f0e6cfba0, 14;
L_0000024f0e731560 .concat [ 16 14 0 0], v0000024f0e6cfba0_14, L_0000024f0e731c48;
L_0000024f0e7316a0 .part o0000024f0e6dbf48, 2, 30;
v0000024f0e6cfba0_15 .array/port v0000024f0e6cfba0, 15;
L_0000024f0e72f800 .concat [ 16 14 0 0], v0000024f0e6cfba0_15, L_0000024f0e731c90;
L_0000024f0e77bf50 .part o0000024f0e6dbf48, 2, 30;
L_0000024f0e77c130 .part L_0000024f0e790ee0, 0, 8;
    .scope S_0000024f0e6c4a70;
T_0 ;
    %pushi/vec4 2, 0, 16;
    %ix/load 4, 0, 0;
    %flag_set/imm 4, 0;
    %store/vec4a v0000024f0e6cfba0, 4, 0;
    %pushi/vec4 3, 0, 16;
    %ix/load 4, 1, 0;
    %flag_set/imm 4, 0;
    %store/vec4a v0000024f0e6cfba0, 4, 0;
    %pushi/vec4 1, 0, 16;
    %ix/load 4, 2, 0;
    %flag_set/imm 4, 0;
    %store/vec4a v0000024f0e6cfba0, 4, 0;
    %pushi/vec4 1, 0, 16;
    %ix/load 4, 3, 0;
    %flag_set/imm 4, 0;
    %store/vec4a v0000024f0e6cfba0, 4, 0;
    %pushi/vec4 1, 0, 16;
    %ix/load 4, 4, 0;
    %flag_set/imm 4, 0;
    %store/vec4a v0000024f0e6cfba0, 4, 0;
    %pushi/vec4 2, 0, 16;
    %ix/load 4, 5, 0;
    %flag_set/imm 4, 0;
    %store/vec4a v0000024f0e6cfba0, 4, 0;
    %pushi/vec4 3, 0, 16;
    %ix/load 4, 6, 0;
    %flag_set/imm 4, 0;
    %store/vec4a v0000024f0e6cfba0, 4, 0;
    %pushi/vec4 1, 0, 16;
    %ix/load 4, 7, 0;
    %flag_set/imm 4, 0;
    %store/vec4a v0000024f0e6cfba0, 4, 0;
    %pushi/vec4 1, 0, 16;
    %ix/load 4, 8, 0;
    %flag_set/imm 4, 0;
    %store/vec4a v0000024f0e6cfba0, 4, 0;
    %pushi/vec4 1, 0, 16;
    %ix/load 4, 9, 0;
    %flag_set/imm 4, 0;
    %store/vec4a v0000024f0e6cfba0, 4, 0;
    %pushi/vec4 2, 0, 16;
    %ix/load 4, 10, 0;
    %flag_set/imm 4, 0;
    %store/vec4a v0000024f0e6cfba0, 4, 0;
    %pushi/vec4 3, 0, 16;
    %ix/load 4, 11, 0;
    %flag_set/imm 4, 0;
    %store/vec4a v0000024f0e6cfba0, 4, 0;
    %pushi/vec4 3, 0, 16;
    %ix/load 4, 12, 0;
    %flag_set/imm 4, 0;
    %store/vec4a v0000024f0e6cfba0, 4, 0;
    %pushi/vec4 1, 0, 16;
    %ix/load 4, 13, 0;
    %flag_set/imm 4, 0;
    %store/vec4a v0000024f0e6cfba0, 4, 0;
    %pushi/vec4 1, 0, 16;
    %ix/load 4, 14, 0;
    %flag_set/imm 4, 0;
    %store/vec4a v0000024f0e6cfba0, 4, 0;
    %pushi/vec4 3, 0, 16;
    %ix/load 4, 15, 0;
    %flag_set/imm 4, 0;
    %store/vec4a v0000024f0e6cfba0, 4, 0;
    %end;
    .thread T_0;
# The file index is used to find the file name in the following table.
:file_names 3;
    "N/A";
    "<interactive>";
    "c:\Users\youss\AES-128-Verilog\src\MixColumns\MixColumns.v";
