Analysis & Synthesis report for Encryption_Round
Mon Apr 29 17:26:16 2024
Quartus Prime Version 23.1std.0 Build 991 11/28/2023 SC Lite Edition


---------------------
; Table of Contents ;
---------------------
  1. Legal Notice
  2. Analysis & Synthesis Summary
  3. Analysis & Synthesis Settings
  4. Parallel Compilation
  5. Analysis & Synthesis Source Files Read
  6. Analysis & Synthesis Resource Usage Summary
  7. Analysis & Synthesis Resource Utilization by Entity
  8. General Register Statistics
  9. Port Connectivity Checks: "addRoundKey:b"
 10. Post-Synthesis Netlist Statistics for Top Partition
 11. Elapsed Time Per Partition
 12. Analysis & Synthesis Messages
 13. Analysis & Synthesis Suppressed Messages



----------------
; Legal Notice ;
----------------
Copyright (C) 2023  Intel Corporation. All rights reserved.
Your use of Intel Corporation's design tools, logic functions 
and other software and tools, and any partner logic 
functions, and any output files from any of the foregoing 
(including device programming or simulation files), and any 
associated documentation or information are expressly subject 
to the terms and conditions of the Intel Program License 
Subscription Agreement, the Intel Quartus Prime License Agreement,
the Intel FPGA IP License Agreement, or other applicable license
agreement, including, without limitation, that your use is for
the sole purpose of programming logic devices manufactured by
Intel and sold by Intel or its authorized distributors.  Please
refer to the applicable agreement for further details, at
https://fpgasoftware.intel.com/eula.



+----------------------------------------------------------------------------------+
; Analysis & Synthesis Summary                                                     ;
+---------------------------------+------------------------------------------------+
; Analysis & Synthesis Status     ; Successful - Mon Apr 29 17:26:16 2024          ;
; Quartus Prime Version           ; 23.1std.0 Build 991 11/28/2023 SC Lite Edition ;
; Revision Name                   ; Encryption_Round                               ;
; Top-level Entity Name           ; Encryption_Round                               ;
; Family                          ; Cyclone V                                      ;
; Logic utilization (in ALMs)     ; N/A                                            ;
; Total registers                 ; 0                                              ;
; Total pins                      ; 384                                            ;
; Total virtual pins              ; 0                                              ;
; Total block memory bits         ; 0                                              ;
; Total DSP Blocks                ; 0                                              ;
; Total HSSI RX PCSs              ; 0                                              ;
; Total HSSI PMA RX Deserializers ; 0                                              ;
; Total HSSI TX PCSs              ; 0                                              ;
; Total HSSI PMA TX Serializers   ; 0                                              ;
; Total PLLs                      ; 0                                              ;
; Total DLLs                      ; 0                                              ;
+---------------------------------+------------------------------------------------+


+---------------------------------------------------------------------------------------------------------------------------+
; Analysis & Synthesis Settings                                                                                             ;
+---------------------------------------------------------------------------------+--------------------+--------------------+
; Option                                                                          ; Setting            ; Default Value      ;
+---------------------------------------------------------------------------------+--------------------+--------------------+
; Device                                                                          ; 5CSEMA2U23C6       ;                    ;
; Top-level entity name                                                           ; Encryption_Round   ; Encryption_Round   ;
; Family name                                                                     ; Cyclone V          ; Cyclone V          ;
; Use smart compilation                                                           ; Off                ; Off                ;
; Enable parallel Assembler and Timing Analyzer during compilation                ; On                 ; On                 ;
; Enable compact report table                                                     ; Off                ; Off                ;
; Restructure Multiplexers                                                        ; Auto               ; Auto               ;
; MLAB Add Timing Constraints For Mixed-Port Feed-Through Mode Setting Don't Care ; Off                ; Off                ;
; Create Debugging Nodes for IP Cores                                             ; Off                ; Off                ;
; Preserve fewer node names                                                       ; On                 ; On                 ;
; Intel FPGA IP Evaluation Mode                                                   ; Enable             ; Enable             ;
; Verilog Version                                                                 ; Verilog_2001       ; Verilog_2001       ;
; VHDL Version                                                                    ; VHDL_1993          ; VHDL_1993          ;
; State Machine Processing                                                        ; Auto               ; Auto               ;
; Safe State Machine                                                              ; Off                ; Off                ;
; Extract Verilog State Machines                                                  ; On                 ; On                 ;
; Extract VHDL State Machines                                                     ; On                 ; On                 ;
; Ignore Verilog initial constructs                                               ; Off                ; Off                ;
; Iteration limit for constant Verilog loops                                      ; 5000               ; 5000               ;
; Iteration limit for non-constant Verilog loops                                  ; 250                ; 250                ;
; Add Pass-Through Logic to Inferred RAMs                                         ; On                 ; On                 ;
; Infer RAMs from Raw Logic                                                       ; On                 ; On                 ;
; Parallel Synthesis                                                              ; On                 ; On                 ;
; DSP Block Balancing                                                             ; Auto               ; Auto               ;
; NOT Gate Push-Back                                                              ; On                 ; On                 ;
; Power-Up Don't Care                                                             ; On                 ; On                 ;
; Remove Redundant Logic Cells                                                    ; Off                ; Off                ;
; Remove Duplicate Registers                                                      ; On                 ; On                 ;
; Ignore CARRY Buffers                                                            ; Off                ; Off                ;
; Ignore CASCADE Buffers                                                          ; Off                ; Off                ;
; Ignore GLOBAL Buffers                                                           ; Off                ; Off                ;
; Ignore ROW GLOBAL Buffers                                                       ; Off                ; Off                ;
; Ignore LCELL Buffers                                                            ; Off                ; Off                ;
; Ignore SOFT Buffers                                                             ; On                 ; On                 ;
; Limit AHDL Integers to 32 Bits                                                  ; Off                ; Off                ;
; Optimization Technique                                                          ; Balanced           ; Balanced           ;
; Carry Chain Length                                                              ; 70                 ; 70                 ;
; Auto Carry Chains                                                               ; On                 ; On                 ;
; Auto Open-Drain Pins                                                            ; On                 ; On                 ;
; Perform WYSIWYG Primitive Resynthesis                                           ; Off                ; Off                ;
; Auto ROM Replacement                                                            ; On                 ; On                 ;
; Auto RAM Replacement                                                            ; On                 ; On                 ;
; Auto DSP Block Replacement                                                      ; On                 ; On                 ;
; Auto Shift Register Replacement                                                 ; Auto               ; Auto               ;
; Allow Shift Register Merging across Hierarchies                                 ; Auto               ; Auto               ;
; Auto Clock Enable Replacement                                                   ; On                 ; On                 ;
; Strict RAM Replacement                                                          ; Off                ; Off                ;
; Allow Synchronous Control Signals                                               ; On                 ; On                 ;
; Force Use of Synchronous Clear Signals                                          ; Off                ; Off                ;
; Auto Resource Sharing                                                           ; Off                ; Off                ;
; Allow Any RAM Size For Recognition                                              ; Off                ; Off                ;
; Allow Any ROM Size For Recognition                                              ; Off                ; Off                ;
; Allow Any Shift Register Size For Recognition                                   ; Off                ; Off                ;
; Use LogicLock Constraints during Resource Balancing                             ; On                 ; On                 ;
; Ignore translate_off and synthesis_off directives                               ; Off                ; Off                ;
; Timing-Driven Synthesis                                                         ; On                 ; On                 ;
; Report Parameter Settings                                                       ; On                 ; On                 ;
; Report Source Assignments                                                       ; On                 ; On                 ;
; Report Connectivity Checks                                                      ; On                 ; On                 ;
; Ignore Maximum Fan-Out Assignments                                              ; Off                ; Off                ;
; Synchronization Register Chain Length                                           ; 3                  ; 3                  ;
; Power Optimization During Synthesis                                             ; Normal compilation ; Normal compilation ;
; HDL message level                                                               ; Level2             ; Level2             ;
; Suppress Register Optimization Related Messages                                 ; Off                ; Off                ;
; Number of Removed Registers Reported in Synthesis Report                        ; 5000               ; 5000               ;
; Number of Swept Nodes Reported in Synthesis Report                              ; 5000               ; 5000               ;
; Number of Inverted Registers Reported in Synthesis Report                       ; 100                ; 100                ;
; Clock MUX Protection                                                            ; On                 ; On                 ;
; Auto Gated Clock Conversion                                                     ; Off                ; Off                ;
; Block Design Naming                                                             ; Auto               ; Auto               ;
; SDC constraint protection                                                       ; Off                ; Off                ;
; Synthesis Effort                                                                ; Auto               ; Auto               ;
; Shift Register Replacement - Allow Asynchronous Clear Signal                    ; On                 ; On                 ;
; Pre-Mapping Resynthesis Optimization                                            ; Off                ; Off                ;
; Analysis & Synthesis Message Level                                              ; Medium             ; Medium             ;
; Disable Register Merging Across Hierarchies                                     ; Auto               ; Auto               ;
; Resource Aware Inference For Block RAM                                          ; On                 ; On                 ;
; Automatic Parallel Synthesis                                                    ; On                 ; On                 ;
; Partial Reconfiguration Bitstream ID                                            ; Off                ; Off                ;
+---------------------------------------------------------------------------------+--------------------+--------------------+


+------------------------------------------+
; Parallel Compilation                     ;
+----------------------------+-------------+
; Processors                 ; Number      ;
+----------------------------+-------------+
; Number detected on machine ; 20          ;
; Maximum allowed            ; 14          ;
;                            ;             ;
; Average used               ; 1.00        ;
; Maximum used               ; 1           ;
;                            ;             ;
; Usage by Processor         ; % Time Used ;
;     Processor 1            ; 100.0%      ;
+----------------------------+-------------+


+--------------------------------------------------------------------------------------------------------------------------------------------------------------------------------------------+
; Analysis & Synthesis Source Files Read                                                                                                                                                     ;
+----------------------------------+-----------------+------------------------+----------------------------------------------------------------------------------------------------+---------+
; File Name with User-Entered Path ; Used in Netlist ; File Type              ; File Name with Absolute Path                                                                       ; Library ;
+----------------------------------+-----------------+------------------------+----------------------------------------------------------------------------------------------------+---------+
; SubBytes/SubBytes.v              ; yes             ; User Verilog HDL File  ; C:/Users/DELL/Desktop/Logic Design Project/project/AES-128-Verilog/src/SubBytes/SubBytes.v         ;         ;
; ShiftRows/ShiftRows.v            ; yes             ; User Verilog HDL File  ; C:/Users/DELL/Desktop/Logic Design Project/project/AES-128-Verilog/src/ShiftRows/ShiftRows.v       ;         ;
; MixColumns/MixColumns.v          ; yes             ; User Verilog HDL File  ; C:/Users/DELL/Desktop/Logic Design Project/project/AES-128-Verilog/src/MixColumns/MixColumns.v     ;         ;
; Add Round Key/AddRoundKey.v      ; yes             ; User Verilog HDL File  ; C:/Users/DELL/Desktop/Logic Design Project/project/AES-128-Verilog/src/Add Round Key/AddRoundKey.v ;         ;
; Encryption_Round.v               ; yes             ; User Verilog HDL File  ; C:/Users/DELL/Desktop/Logic Design Project/project/AES-128-Verilog/src/Encryption_Round.v          ;         ;
+----------------------------------+-----------------+------------------------+----------------------------------------------------------------------------------------------------+---------+


+-----------------------------------------------------+
; Analysis & Synthesis Resource Usage Summary         ;
+---------------------------------------------+-------+
; Resource                                    ; Usage ;
+---------------------------------------------+-------+
; Estimate of Logic utilization (ALMs needed) ; 0     ;
;                                             ;       ;
; Combinational ALUT usage for logic          ; 0     ;
;     -- 7 input functions                    ; 0     ;
;     -- 6 input functions                    ; 0     ;
;     -- 5 input functions                    ; 0     ;
;     -- 4 input functions                    ; 0     ;
;     -- <=3 input functions                  ; 0     ;
;                                             ;       ;
; Dedicated logic registers                   ; 0     ;
;                                             ;       ;
; I/O pins                                    ; 384   ;
;                                             ;       ;
; Total DSP Blocks                            ; 0     ;
;                                             ;       ;
; Maximum fan-out node                        ; in[0] ;
; Maximum fan-out                             ; 1     ;
; Total fan-out                               ; 384   ;
; Average fan-out                             ; 0.50  ;
+---------------------------------------------+-------+


+---------------------------------------------------------------------------------------------------------------------------------------------------------------------------------------------+
; Analysis & Synthesis Resource Utilization by Entity                                                                                                                                         ;
+----------------------------+---------------------+---------------------------+-------------------+------------+------+--------------+---------------------+------------------+--------------+
; Compilation Hierarchy Node ; Combinational ALUTs ; Dedicated Logic Registers ; Block Memory Bits ; DSP Blocks ; Pins ; Virtual Pins ; Full Hierarchy Name ; Entity Name      ; Library Name ;
+----------------------------+---------------------+---------------------------+-------------------+------------+------+--------------+---------------------+------------------+--------------+
; |Encryption_Round          ; 0 (0)               ; 0 (0)                     ; 0                 ; 0          ; 384  ; 0            ; |Encryption_Round   ; Encryption_Round ; work         ;
+----------------------------+---------------------+---------------------------+-------------------+------------+------+--------------+---------------------+------------------+--------------+
Note: For table entries with two numbers listed, the numbers in parentheses indicate the number of resources of the given type used by the specific entity alone. The numbers listed outside of parentheses indicate the total resources of the given type used by the specific entity and all of its sub-entities in the hierarchy.


+------------------------------------------------------+
; General Register Statistics                          ;
+----------------------------------------------+-------+
; Statistic                                    ; Value ;
+----------------------------------------------+-------+
; Total registers                              ; 0     ;
; Number of registers using Synchronous Clear  ; 0     ;
; Number of registers using Synchronous Load   ; 0     ;
; Number of registers using Asynchronous Clear ; 0     ;
; Number of registers using Asynchronous Load  ; 0     ;
; Number of registers using Clock Enable       ; 0     ;
; Number of registers using Preset             ; 0     ;
+----------------------------------------------+-------+


+--------------------------------------------------------------------------------------------------------------------+
; Port Connectivity Checks: "addRoundKey:b"                                                                          ;
+----------+--------+----------+-------------------------------------------------------------------------------------+
; Port     ; Type   ; Severity ; Details                                                                             ;
+----------+--------+----------+-------------------------------------------------------------------------------------+
; newState ; Output ; Info     ; Connected to dangling logic. Logic that only feeds a dangling port will be removed. ;
+----------+--------+----------+-------------------------------------------------------------------------------------+


+-----------------------------------------------------+
; Post-Synthesis Netlist Statistics for Top Partition ;
+-----------------------+-----------------------------+
; Type                  ; Count                       ;
+-----------------------+-----------------------------+
; arriav_lcell_comb     ; 1                           ;
;     normal            ; 1                           ;
;         0 data inputs ; 1                           ;
; boundary_port         ; 384                         ;
;                       ;                             ;
; Max LUT depth         ; 0.00                        ;
; Average LUT depth     ; 0.00                        ;
+-----------------------+-----------------------------+


+-------------------------------+
; Elapsed Time Per Partition    ;
+----------------+--------------+
; Partition Name ; Elapsed Time ;
+----------------+--------------+
; Top            ; 00:00:00     ;
+----------------+--------------+


+-------------------------------+
; Analysis & Synthesis Messages ;
+-------------------------------+
Info: *******************************************************************
Info: Running Quartus Prime Analysis & Synthesis
    Info: Version 23.1std.0 Build 991 11/28/2023 SC Lite Edition
    Info: Processing started: Mon Apr 29 17:26:10 2024
Info: Command: quartus_map --read_settings_files=on --write_settings_files=off Encryption_Round -c Encryption_Round
Warning (18236): Number of processors has not been specified which may cause overloading on shared machines.  Set the global assignment NUM_PARALLEL_PROCESSORS in your QSF to an appropriate value for best performance.
Info (20030): Parallel compilation is enabled and will use 14 of the 14 processors detected
Info (12021): Found 2 design units, including 2 entities, in source file subbytes/subbytes.v
    Info (12023): Found entity 1: SubBytes File: C:/Users/DELL/Desktop/Logic Design Project/project/AES-128-Verilog/src/SubBytes/SubBytes.v Line: 1
    Info (12023): Found entity 2: sbox File: C:/Users/DELL/Desktop/Logic Design Project/project/AES-128-Verilog/src/SubBytes/SubBytes.v Line: 24
Info (12021): Found 1 design units, including 1 entities, in source file shiftrows/shiftrows.v
    Info (12023): Found entity 1: ShiftRows File: C:/Users/DELL/Desktop/Logic Design Project/project/AES-128-Verilog/src/ShiftRows/ShiftRows.v Line: 1
Info (12021): Found 2 design units, including 2 entities, in source file mixcolumns/mixcolumns.v
    Info (12023): Found entity 1: MixColumns File: C:/Users/DELL/Desktop/Logic Design Project/project/AES-128-Verilog/src/MixColumns/MixColumns.v Line: 1
    Info (12023): Found entity 2: MxColumns File: C:/Users/DELL/Desktop/Logic Design Project/project/AES-128-Verilog/src/MixColumns/MixColumns.v Line: 39
Info (12021): Found 1 design units, including 1 entities, in source file add round key/addroundkey.v
    Info (12023): Found entity 1: addRoundKey File: C:/Users/DELL/Desktop/Logic Design Project/project/AES-128-Verilog/src/Add Round Key/AddRoundKey.v Line: 1
Info (12021): Found 1 design units, including 1 entities, in source file encryption_round.v
    Info (12023): Found entity 1: Encryption_Round File: C:/Users/DELL/Desktop/Logic Design Project/project/AES-128-Verilog/src/Encryption_Round.v Line: 1
Info (12127): Elaborating entity "Encryption_Round" for the top level hierarchy
Info (12128): Elaborating entity "SubBytes" for hierarchy "SubBytes:s" File: C:/Users/DELL/Desktop/Logic Design Project/project/AES-128-Verilog/src/Encryption_Round.v Line: 12
Info (12128): Elaborating entity "sbox" for hierarchy "SubBytes:s|sbox:b0" File: C:/Users/DELL/Desktop/Logic Design Project/project/AES-128-Verilog/src/SubBytes/SubBytes.v Line: 3
Info (12128): Elaborating entity "ShiftRows" for hierarchy "ShiftRows:r" File: C:/Users/DELL/Desktop/Logic Design Project/project/AES-128-Verilog/src/Encryption_Round.v Line: 13
Info (12128): Elaborating entity "MixColumns" for hierarchy "MixColumns:m" File: C:/Users/DELL/Desktop/Logic Design Project/project/AES-128-Verilog/src/Encryption_Round.v Line: 14
Info (12128): Elaborating entity "MxColumns" for hierarchy "MixColumns:m|MxColumns:mix0" File: C:/Users/DELL/Desktop/Logic Design Project/project/AES-128-Verilog/src/MixColumns/MixColumns.v Line: 18
Warning (10230): Verilog HDL assignment warning at MixColumns.v(64): truncated value with size 8 to match size of target (1) File: C:/Users/DELL/Desktop/Logic Design Project/project/AES-128-Verilog/src/MixColumns/MixColumns.v Line: 64
Warning (10230): Verilog HDL assignment warning at MixColumns.v(68): truncated value with size 8 to match size of target (1) File: C:/Users/DELL/Desktop/Logic Design Project/project/AES-128-Verilog/src/MixColumns/MixColumns.v Line: 68
Warning (10230): Verilog HDL assignment warning at MixColumns.v(72): truncated value with size 8 to match size of target (1) File: C:/Users/DELL/Desktop/Logic Design Project/project/AES-128-Verilog/src/MixColumns/MixColumns.v Line: 72
Warning (10230): Verilog HDL assignment warning at MixColumns.v(76): truncated value with size 8 to match size of target (1) File: C:/Users/DELL/Desktop/Logic Design Project/project/AES-128-Verilog/src/MixColumns/MixColumns.v Line: 76
Info (12128): Elaborating entity "addRoundKey" for hierarchy "addRoundKey:b" File: C:/Users/DELL/Desktop/Logic Design Project/project/AES-128-Verilog/src/Encryption_Round.v Line: 15
Warning (13024): Output pins are stuck at VCC or GND
    Warning (13410): Pin "out[0]" is stuck at GND File: C:/Users/DELL/Desktop/Logic Design Project/project/AES-128-Verilog/src/Encryption_Round.v Line: 4
    Warning (13410): Pin "out[1]" is stuck at GND File: C:/Users/DELL/Desktop/Logic Design Project/project/AES-128-Verilog/src/Encryption_Round.v Line: 4
    Warning (13410): Pin "out[2]" is stuck at GND File: C:/Users/DELL/Desktop/Logic Design Project/project/AES-128-Verilog/src/Encryption_Round.v Line: 4
    Warning (13410): Pin "out[3]" is stuck at GND File: C:/Users/DELL/Desktop/Logic Design Project/project/AES-128-Verilog/src/Encryption_Round.v Line: 4
    Warning (13410): Pin "out[4]" is stuck at GND File: C:/Users/DELL/Desktop/Logic Design Project/project/AES-128-Verilog/src/Encryption_Round.v Line: 4
    Warning (13410): Pin "out[5]" is stuck at GND File: C:/Users/DELL/Desktop/Logic Design Project/project/AES-128-Verilog/src/Encryption_Round.v Line: 4
    Warning (13410): Pin "out[6]" is stuck at GND File: C:/Users/DELL/Desktop/Logic Design Project/project/AES-128-Verilog/src/Encryption_Round.v Line: 4
    Warning (13410): Pin "out[7]" is stuck at GND File: C:/Users/DELL/Desktop/Logic Design Project/project/AES-128-Verilog/src/Encryption_Round.v Line: 4
    Warning (13410): Pin "out[8]" is stuck at GND File: C:/Users/DELL/Desktop/Logic Design Project/project/AES-128-Verilog/src/Encryption_Round.v Line: 4
    Warning (13410): Pin "out[9]" is stuck at GND File: C:/Users/DELL/Desktop/Logic Design Project/project/AES-128-Verilog/src/Encryption_Round.v Line: 4
    Warning (13410): Pin "out[10]" is stuck at GND File: C:/Users/DELL/Desktop/Logic Design Project/project/AES-128-Verilog/src/Encryption_Round.v Line: 4
    Warning (13410): Pin "out[11]" is stuck at GND File: C:/Users/DELL/Desktop/Logic Design Project/project/AES-128-Verilog/src/Encryption_Round.v Line: 4
    Warning (13410): Pin "out[12]" is stuck at GND File: C:/Users/DELL/Desktop/Logic Design Project/project/AES-128-Verilog/src/Encryption_Round.v Line: 4
    Warning (13410): Pin "out[13]" is stuck at GND File: C:/Users/DELL/Desktop/Logic Design Project/project/AES-128-Verilog/src/Encryption_Round.v Line: 4
    Warning (13410): Pin "out[14]" is stuck at GND File: C:/Users/DELL/Desktop/Logic Design Project/project/AES-128-Verilog/src/Encryption_Round.v Line: 4
    Warning (13410): Pin "out[15]" is stuck at GND File: C:/Users/DELL/Desktop/Logic Design Project/project/AES-128-Verilog/src/Encryption_Round.v Line: 4
    Warning (13410): Pin "out[16]" is stuck at GND File: C:/Users/DELL/Desktop/Logic Design Project/project/AES-128-Verilog/src/Encryption_Round.v Line: 4
    Warning (13410): Pin "out[17]" is stuck at GND File: C:/Users/DELL/Desktop/Logic Design Project/project/AES-128-Verilog/src/Encryption_Round.v Line: 4
    Warning (13410): Pin "out[18]" is stuck at GND File: C:/Users/DELL/Desktop/Logic Design Project/project/AES-128-Verilog/src/Encryption_Round.v Line: 4
    Warning (13410): Pin "out[19]" is stuck at GND File: C:/Users/DELL/Desktop/Logic Design Project/project/AES-128-Verilog/src/Encryption_Round.v Line: 4
    Warning (13410): Pin "out[20]" is stuck at GND File: C:/Users/DELL/Desktop/Logic Design Project/project/AES-128-Verilog/src/Encryption_Round.v Line: 4
    Warning (13410): Pin "out[21]" is stuck at GND File: C:/Users/DELL/Desktop/Logic Design Project/project/AES-128-Verilog/src/Encryption_Round.v Line: 4
    Warning (13410): Pin "out[22]" is stuck at GND File: C:/Users/DELL/Desktop/Logic Design Project/project/AES-128-Verilog/src/Encryption_Round.v Line: 4
    Warning (13410): Pin "out[23]" is stuck at GND File: C:/Users/DELL/Desktop/Logic Design Project/project/AES-128-Verilog/src/Encryption_Round.v Line: 4
    Warning (13410): Pin "out[24]" is stuck at GND File: C:/Users/DELL/Desktop/Logic Design Project/project/AES-128-Verilog/src/Encryption_Round.v Line: 4
    Warning (13410): Pin "out[25]" is stuck at GND File: C:/Users/DELL/Desktop/Logic Design Project/project/AES-128-Verilog/src/Encryption_Round.v Line: 4
    Warning (13410): Pin "out[26]" is stuck at GND File: C:/Users/DELL/Desktop/Logic Design Project/project/AES-128-Verilog/src/Encryption_Round.v Line: 4
    Warning (13410): Pin "out[27]" is stuck at GND File: C:/Users/DELL/Desktop/Logic Design Project/project/AES-128-Verilog/src/Encryption_Round.v Line: 4
    Warning (13410): Pin "out[28]" is stuck at GND File: C:/Users/DELL/Desktop/Logic Design Project/project/AES-128-Verilog/src/Encryption_Round.v Line: 4
    Warning (13410): Pin "out[29]" is stuck at GND File: C:/Users/DELL/Desktop/Logic Design Project/project/AES-128-Verilog/src/Encryption_Round.v Line: 4
    Warning (13410): Pin "out[30]" is stuck at GND File: C:/Users/DELL/Desktop/Logic Design Project/project/AES-128-Verilog/src/Encryption_Round.v Line: 4
    Warning (13410): Pin "out[31]" is stuck at GND File: C:/Users/DELL/Desktop/Logic Design Project/project/AES-128-Verilog/src/Encryption_Round.v Line: 4
    Warning (13410): Pin "out[32]" is stuck at GND File: C:/Users/DELL/Desktop/Logic Design Project/project/AES-128-Verilog/src/Encryption_Round.v Line: 4
    Warning (13410): Pin "out[33]" is stuck at GND File: C:/Users/DELL/Desktop/Logic Design Project/project/AES-128-Verilog/src/Encryption_Round.v Line: 4
    Warning (13410): Pin "out[34]" is stuck at GND File: C:/Users/DELL/Desktop/Logic Design Project/project/AES-128-Verilog/src/Encryption_Round.v Line: 4
    Warning (13410): Pin "out[35]" is stuck at GND File: C:/Users/DELL/Desktop/Logic Design Project/project/AES-128-Verilog/src/Encryption_Round.v Line: 4
    Warning (13410): Pin "out[36]" is stuck at GND File: C:/Users/DELL/Desktop/Logic Design Project/project/AES-128-Verilog/src/Encryption_Round.v Line: 4
    Warning (13410): Pin "out[37]" is stuck at GND File: C:/Users/DELL/Desktop/Logic Design Project/project/AES-128-Verilog/src/Encryption_Round.v Line: 4
    Warning (13410): Pin "out[38]" is stuck at GND File: C:/Users/DELL/Desktop/Logic Design Project/project/AES-128-Verilog/src/Encryption_Round.v Line: 4
    Warning (13410): Pin "out[39]" is stuck at GND File: C:/Users/DELL/Desktop/Logic Design Project/project/AES-128-Verilog/src/Encryption_Round.v Line: 4
    Warning (13410): Pin "out[40]" is stuck at GND File: C:/Users/DELL/Desktop/Logic Design Project/project/AES-128-Verilog/src/Encryption_Round.v Line: 4
    Warning (13410): Pin "out[41]" is stuck at GND File: C:/Users/DELL/Desktop/Logic Design Project/project/AES-128-Verilog/src/Encryption_Round.v Line: 4
    Warning (13410): Pin "out[42]" is stuck at GND File: C:/Users/DELL/Desktop/Logic Design Project/project/AES-128-Verilog/src/Encryption_Round.v Line: 4
    Warning (13410): Pin "out[43]" is stuck at GND File: C:/Users/DELL/Desktop/Logic Design Project/project/AES-128-Verilog/src/Encryption_Round.v Line: 4
    Warning (13410): Pin "out[44]" is stuck at GND File: C:/Users/DELL/Desktop/Logic Design Project/project/AES-128-Verilog/src/Encryption_Round.v Line: 4
    Warning (13410): Pin "out[45]" is stuck at GND File: C:/Users/DELL/Desktop/Logic Design Project/project/AES-128-Verilog/src/Encryption_Round.v Line: 4
    Warning (13410): Pin "out[46]" is stuck at GND File: C:/Users/DELL/Desktop/Logic Design Project/project/AES-128-Verilog/src/Encryption_Round.v Line: 4
    Warning (13410): Pin "out[47]" is stuck at GND File: C:/Users/DELL/Desktop/Logic Design Project/project/AES-128-Verilog/src/Encryption_Round.v Line: 4
    Warning (13410): Pin "out[48]" is stuck at GND File: C:/Users/DELL/Desktop/Logic Design Project/project/AES-128-Verilog/src/Encryption_Round.v Line: 4
    Warning (13410): Pin "out[49]" is stuck at GND File: C:/Users/DELL/Desktop/Logic Design Project/project/AES-128-Verilog/src/Encryption_Round.v Line: 4
    Warning (13410): Pin "out[50]" is stuck at GND File: C:/Users/DELL/Desktop/Logic Design Project/project/AES-128-Verilog/src/Encryption_Round.v Line: 4
    Warning (13410): Pin "out[51]" is stuck at GND File: C:/Users/DELL/Desktop/Logic Design Project/project/AES-128-Verilog/src/Encryption_Round.v Line: 4
    Warning (13410): Pin "out[52]" is stuck at GND File: C:/Users/DELL/Desktop/Logic Design Project/project/AES-128-Verilog/src/Encryption_Round.v Line: 4
    Warning (13410): Pin "out[53]" is stuck at GND File: C:/Users/DELL/Desktop/Logic Design Project/project/AES-128-Verilog/src/Encryption_Round.v Line: 4
    Warning (13410): Pin "out[54]" is stuck at GND File: C:/Users/DELL/Desktop/Logic Design Project/project/AES-128-Verilog/src/Encryption_Round.v Line: 4
    Warning (13410): Pin "out[55]" is stuck at GND File: C:/Users/DELL/Desktop/Logic Design Project/project/AES-128-Verilog/src/Encryption_Round.v Line: 4
    Warning (13410): Pin "out[56]" is stuck at GND File: C:/Users/DELL/Desktop/Logic Design Project/project/AES-128-Verilog/src/Encryption_Round.v Line: 4
    Warning (13410): Pin "out[57]" is stuck at GND File: C:/Users/DELL/Desktop/Logic Design Project/project/AES-128-Verilog/src/Encryption_Round.v Line: 4
    Warning (13410): Pin "out[58]" is stuck at GND File: C:/Users/DELL/Desktop/Logic Design Project/project/AES-128-Verilog/src/Encryption_Round.v Line: 4
    Warning (13410): Pin "out[59]" is stuck at GND File: C:/Users/DELL/Desktop/Logic Design Project/project/AES-128-Verilog/src/Encryption_Round.v Line: 4
    Warning (13410): Pin "out[60]" is stuck at GND File: C:/Users/DELL/Desktop/Logic Design Project/project/AES-128-Verilog/src/Encryption_Round.v Line: 4
    Warning (13410): Pin "out[61]" is stuck at GND File: C:/Users/DELL/Desktop/Logic Design Project/project/AES-128-Verilog/src/Encryption_Round.v Line: 4
    Warning (13410): Pin "out[62]" is stuck at GND File: C:/Users/DELL/Desktop/Logic Design Project/project/AES-128-Verilog/src/Encryption_Round.v Line: 4
    Warning (13410): Pin "out[63]" is stuck at GND File: C:/Users/DELL/Desktop/Logic Design Project/project/AES-128-Verilog/src/Encryption_Round.v Line: 4
    Warning (13410): Pin "out[64]" is stuck at GND File: C:/Users/DELL/Desktop/Logic Design Project/project/AES-128-Verilog/src/Encryption_Round.v Line: 4
    Warning (13410): Pin "out[65]" is stuck at GND File: C:/Users/DELL/Desktop/Logic Design Project/project/AES-128-Verilog/src/Encryption_Round.v Line: 4
    Warning (13410): Pin "out[66]" is stuck at GND File: C:/Users/DELL/Desktop/Logic Design Project/project/AES-128-Verilog/src/Encryption_Round.v Line: 4
    Warning (13410): Pin "out[67]" is stuck at GND File: C:/Users/DELL/Desktop/Logic Design Project/project/AES-128-Verilog/src/Encryption_Round.v Line: 4
    Warning (13410): Pin "out[68]" is stuck at GND File: C:/Users/DELL/Desktop/Logic Design Project/project/AES-128-Verilog/src/Encryption_Round.v Line: 4
    Warning (13410): Pin "out[69]" is stuck at GND File: C:/Users/DELL/Desktop/Logic Design Project/project/AES-128-Verilog/src/Encryption_Round.v Line: 4
    Warning (13410): Pin "out[70]" is stuck at GND File: C:/Users/DELL/Desktop/Logic Design Project/project/AES-128-Verilog/src/Encryption_Round.v Line: 4
    Warning (13410): Pin "out[71]" is stuck at GND File: C:/Users/DELL/Desktop/Logic Design Project/project/AES-128-Verilog/src/Encryption_Round.v Line: 4
    Warning (13410): Pin "out[72]" is stuck at GND File: C:/Users/DELL/Desktop/Logic Design Project/project/AES-128-Verilog/src/Encryption_Round.v Line: 4
    Warning (13410): Pin "out[73]" is stuck at GND File: C:/Users/DELL/Desktop/Logic Design Project/project/AES-128-Verilog/src/Encryption_Round.v Line: 4
    Warning (13410): Pin "out[74]" is stuck at GND File: C:/Users/DELL/Desktop/Logic Design Project/project/AES-128-Verilog/src/Encryption_Round.v Line: 4
    Warning (13410): Pin "out[75]" is stuck at GND File: C:/Users/DELL/Desktop/Logic Design Project/project/AES-128-Verilog/src/Encryption_Round.v Line: 4
    Warning (13410): Pin "out[76]" is stuck at GND File: C:/Users/DELL/Desktop/Logic Design Project/project/AES-128-Verilog/src/Encryption_Round.v Line: 4
    Warning (13410): Pin "out[77]" is stuck at GND File: C:/Users/DELL/Desktop/Logic Design Project/project/AES-128-Verilog/src/Encryption_Round.v Line: 4
    Warning (13410): Pin "out[78]" is stuck at GND File: C:/Users/DELL/Desktop/Logic Design Project/project/AES-128-Verilog/src/Encryption_Round.v Line: 4
    Warning (13410): Pin "out[79]" is stuck at GND File: C:/Users/DELL/Desktop/Logic Design Project/project/AES-128-Verilog/src/Encryption_Round.v Line: 4
    Warning (13410): Pin "out[80]" is stuck at GND File: C:/Users/DELL/Desktop/Logic Design Project/project/AES-128-Verilog/src/Encryption_Round.v Line: 4
    Warning (13410): Pin "out[81]" is stuck at GND File: C:/Users/DELL/Desktop/Logic Design Project/project/AES-128-Verilog/src/Encryption_Round.v Line: 4
    Warning (13410): Pin "out[82]" is stuck at GND File: C:/Users/DELL/Desktop/Logic Design Project/project/AES-128-Verilog/src/Encryption_Round.v Line: 4
    Warning (13410): Pin "out[83]" is stuck at GND File: C:/Users/DELL/Desktop/Logic Design Project/project/AES-128-Verilog/src/Encryption_Round.v Line: 4
    Warning (13410): Pin "out[84]" is stuck at GND File: C:/Users/DELL/Desktop/Logic Design Project/project/AES-128-Verilog/src/Encryption_Round.v Line: 4
    Warning (13410): Pin "out[85]" is stuck at GND File: C:/Users/DELL/Desktop/Logic Design Project/project/AES-128-Verilog/src/Encryption_Round.v Line: 4
    Warning (13410): Pin "out[86]" is stuck at GND File: C:/Users/DELL/Desktop/Logic Design Project/project/AES-128-Verilog/src/Encryption_Round.v Line: 4
    Warning (13410): Pin "out[87]" is stuck at GND File: C:/Users/DELL/Desktop/Logic Design Project/project/AES-128-Verilog/src/Encryption_Round.v Line: 4
    Warning (13410): Pin "out[88]" is stuck at GND File: C:/Users/DELL/Desktop/Logic Design Project/project/AES-128-Verilog/src/Encryption_Round.v Line: 4
    Warning (13410): Pin "out[89]" is stuck at GND File: C:/Users/DELL/Desktop/Logic Design Project/project/AES-128-Verilog/src/Encryption_Round.v Line: 4
    Warning (13410): Pin "out[90]" is stuck at GND File: C:/Users/DELL/Desktop/Logic Design Project/project/AES-128-Verilog/src/Encryption_Round.v Line: 4
    Warning (13410): Pin "out[91]" is stuck at GND File: C:/Users/DELL/Desktop/Logic Design Project/project/AES-128-Verilog/src/Encryption_Round.v Line: 4
    Warning (13410): Pin "out[92]" is stuck at GND File: C:/Users/DELL/Desktop/Logic Design Project/project/AES-128-Verilog/src/Encryption_Round.v Line: 4
    Warning (13410): Pin "out[93]" is stuck at GND File: C:/Users/DELL/Desktop/Logic Design Project/project/AES-128-Verilog/src/Encryption_Round.v Line: 4
    Warning (13410): Pin "out[94]" is stuck at GND File: C:/Users/DELL/Desktop/Logic Design Project/project/AES-128-Verilog/src/Encryption_Round.v Line: 4
    Warning (13410): Pin "out[95]" is stuck at GND File: C:/Users/DELL/Desktop/Logic Design Project/project/AES-128-Verilog/src/Encryption_Round.v Line: 4
    Warning (13410): Pin "out[96]" is stuck at GND File: C:/Users/DELL/Desktop/Logic Design Project/project/AES-128-Verilog/src/Encryption_Round.v Line: 4
    Warning (13410): Pin "out[97]" is stuck at GND File: C:/Users/DELL/Desktop/Logic Design Project/project/AES-128-Verilog/src/Encryption_Round.v Line: 4
    Warning (13410): Pin "out[98]" is stuck at GND File: C:/Users/DELL/Desktop/Logic Design Project/project/AES-128-Verilog/src/Encryption_Round.v Line: 4
    Warning (13410): Pin "out[99]" is stuck at GND File: C:/Users/DELL/Desktop/Logic Design Project/project/AES-128-Verilog/src/Encryption_Round.v Line: 4
    Warning (13410): Pin "out[100]" is stuck at GND File: C:/Users/DELL/Desktop/Logic Design Project/project/AES-128-Verilog/src/Encryption_Round.v Line: 4
    Warning (13410): Pin "out[101]" is stuck at GND File: C:/Users/DELL/Desktop/Logic Design Project/project/AES-128-Verilog/src/Encryption_Round.v Line: 4
    Warning (13410): Pin "out[102]" is stuck at GND File: C:/Users/DELL/Desktop/Logic Design Project/project/AES-128-Verilog/src/Encryption_Round.v Line: 4
    Warning (13410): Pin "out[103]" is stuck at GND File: C:/Users/DELL/Desktop/Logic Design Project/project/AES-128-Verilog/src/Encryption_Round.v Line: 4
    Warning (13410): Pin "out[104]" is stuck at GND File: C:/Users/DELL/Desktop/Logic Design Project/project/AES-128-Verilog/src/Encryption_Round.v Line: 4
    Warning (13410): Pin "out[105]" is stuck at GND File: C:/Users/DELL/Desktop/Logic Design Project/project/AES-128-Verilog/src/Encryption_Round.v Line: 4
    Warning (13410): Pin "out[106]" is stuck at GND File: C:/Users/DELL/Desktop/Logic Design Project/project/AES-128-Verilog/src/Encryption_Round.v Line: 4
    Warning (13410): Pin "out[107]" is stuck at GND File: C:/Users/DELL/Desktop/Logic Design Project/project/AES-128-Verilog/src/Encryption_Round.v Line: 4
    Warning (13410): Pin "out[108]" is stuck at GND File: C:/Users/DELL/Desktop/Logic Design Project/project/AES-128-Verilog/src/Encryption_Round.v Line: 4
    Warning (13410): Pin "out[109]" is stuck at GND File: C:/Users/DELL/Desktop/Logic Design Project/project/AES-128-Verilog/src/Encryption_Round.v Line: 4
    Warning (13410): Pin "out[110]" is stuck at GND File: C:/Users/DELL/Desktop/Logic Design Project/project/AES-128-Verilog/src/Encryption_Round.v Line: 4
    Warning (13410): Pin "out[111]" is stuck at GND File: C:/Users/DELL/Desktop/Logic Design Project/project/AES-128-Verilog/src/Encryption_Round.v Line: 4
    Warning (13410): Pin "out[112]" is stuck at GND File: C:/Users/DELL/Desktop/Logic Design Project/project/AES-128-Verilog/src/Encryption_Round.v Line: 4
    Warning (13410): Pin "out[113]" is stuck at GND File: C:/Users/DELL/Desktop/Logic Design Project/project/AES-128-Verilog/src/Encryption_Round.v Line: 4
    Warning (13410): Pin "out[114]" is stuck at GND File: C:/Users/DELL/Desktop/Logic Design Project/project/AES-128-Verilog/src/Encryption_Round.v Line: 4
    Warning (13410): Pin "out[115]" is stuck at GND File: C:/Users/DELL/Desktop/Logic Design Project/project/AES-128-Verilog/src/Encryption_Round.v Line: 4
    Warning (13410): Pin "out[116]" is stuck at GND File: C:/Users/DELL/Desktop/Logic Design Project/project/AES-128-Verilog/src/Encryption_Round.v Line: 4
    Warning (13410): Pin "out[117]" is stuck at GND File: C:/Users/DELL/Desktop/Logic Design Project/project/AES-128-Verilog/src/Encryption_Round.v Line: 4
    Warning (13410): Pin "out[118]" is stuck at GND File: C:/Users/DELL/Desktop/Logic Design Project/project/AES-128-Verilog/src/Encryption_Round.v Line: 4
    Warning (13410): Pin "out[119]" is stuck at GND File: C:/Users/DELL/Desktop/Logic Design Project/project/AES-128-Verilog/src/Encryption_Round.v Line: 4
    Warning (13410): Pin "out[120]" is stuck at GND File: C:/Users/DELL/Desktop/Logic Design Project/project/AES-128-Verilog/src/Encryption_Round.v Line: 4
    Warning (13410): Pin "out[121]" is stuck at GND File: C:/Users/DELL/Desktop/Logic Design Project/project/AES-128-Verilog/src/Encryption_Round.v Line: 4
    Warning (13410): Pin "out[122]" is stuck at GND File: C:/Users/DELL/Desktop/Logic Design Project/project/AES-128-Verilog/src/Encryption_Round.v Line: 4
    Warning (13410): Pin "out[123]" is stuck at GND File: C:/Users/DELL/Desktop/Logic Design Project/project/AES-128-Verilog/src/Encryption_Round.v Line: 4
    Warning (13410): Pin "out[124]" is stuck at GND File: C:/Users/DELL/Desktop/Logic Design Project/project/AES-128-Verilog/src/Encryption_Round.v Line: 4
    Warning (13410): Pin "out[125]" is stuck at GND File: C:/Users/DELL/Desktop/Logic Design Project/project/AES-128-Verilog/src/Encryption_Round.v Line: 4
    Warning (13410): Pin "out[126]" is stuck at GND File: C:/Users/DELL/Desktop/Logic Design Project/project/AES-128-Verilog/src/Encryption_Round.v Line: 4
    Warning (13410): Pin "out[127]" is stuck at GND File: C:/Users/DELL/Desktop/Logic Design Project/project/AES-128-Verilog/src/Encryption_Round.v Line: 4
Info (144001): Generated suppressed messages file C:/Users/DELL/Desktop/Logic Design Project/project/AES-128-Verilog/src/output_files/Encryption_Round.map.smsg
Info (16010): Generating hard_block partition "hard_block:auto_generated_inst"
    Info (16011): Adding 0 node(s), including 0 DDIO, 0 PLL, 0 transceiver and 0 LCELL
Warning (21074): Design contains 256 input pin(s) that do not drive logic
    Warning (15610): No output dependent on input pin "in[0]" File: C:/Users/DELL/Desktop/Logic Design Project/project/AES-128-Verilog/src/Encryption_Round.v Line: 3
    Warning (15610): No output dependent on input pin "in[1]" File: C:/Users/DELL/Desktop/Logic Design Project/project/AES-128-Verilog/src/Encryption_Round.v Line: 3
    Warning (15610): No output dependent on input pin "in[2]" File: C:/Users/DELL/Desktop/Logic Design Project/project/AES-128-Verilog/src/Encryption_Round.v Line: 3
    Warning (15610): No output dependent on input pin "in[3]" File: C:/Users/DELL/Desktop/Logic Design Project/project/AES-128-Verilog/src/Encryption_Round.v Line: 3
    Warning (15610): No output dependent on input pin "in[4]" File: C:/Users/DELL/Desktop/Logic Design Project/project/AES-128-Verilog/src/Encryption_Round.v Line: 3
    Warning (15610): No output dependent on input pin "in[5]" File: C:/Users/DELL/Desktop/Logic Design Project/project/AES-128-Verilog/src/Encryption_Round.v Line: 3
    Warning (15610): No output dependent on input pin "in[6]" File: C:/Users/DELL/Desktop/Logic Design Project/project/AES-128-Verilog/src/Encryption_Round.v Line: 3
    Warning (15610): No output dependent on input pin "in[7]" File: C:/Users/DELL/Desktop/Logic Design Project/project/AES-128-Verilog/src/Encryption_Round.v Line: 3
    Warning (15610): No output dependent on input pin "in[8]" File: C:/Users/DELL/Desktop/Logic Design Project/project/AES-128-Verilog/src/Encryption_Round.v Line: 3
    Warning (15610): No output dependent on input pin "in[9]" File: C:/Users/DELL/Desktop/Logic Design Project/project/AES-128-Verilog/src/Encryption_Round.v Line: 3
    Warning (15610): No output dependent on input pin "in[10]" File: C:/Users/DELL/Desktop/Logic Design Project/project/AES-128-Verilog/src/Encryption_Round.v Line: 3
    Warning (15610): No output dependent on input pin "in[11]" File: C:/Users/DELL/Desktop/Logic Design Project/project/AES-128-Verilog/src/Encryption_Round.v Line: 3
    Warning (15610): No output dependent on input pin "in[12]" File: C:/Users/DELL/Desktop/Logic Design Project/project/AES-128-Verilog/src/Encryption_Round.v Line: 3
    Warning (15610): No output dependent on input pin "in[13]" File: C:/Users/DELL/Desktop/Logic Design Project/project/AES-128-Verilog/src/Encryption_Round.v Line: 3
    Warning (15610): No output dependent on input pin "in[14]" File: C:/Users/DELL/Desktop/Logic Design Project/project/AES-128-Verilog/src/Encryption_Round.v Line: 3
    Warning (15610): No output dependent on input pin "in[15]" File: C:/Users/DELL/Desktop/Logic Design Project/project/AES-128-Verilog/src/Encryption_Round.v Line: 3
    Warning (15610): No output dependent on input pin "in[16]" File: C:/Users/DELL/Desktop/Logic Design Project/project/AES-128-Verilog/src/Encryption_Round.v Line: 3
    Warning (15610): No output dependent on input pin "in[17]" File: C:/Users/DELL/Desktop/Logic Design Project/project/AES-128-Verilog/src/Encryption_Round.v Line: 3
    Warning (15610): No output dependent on input pin "in[18]" File: C:/Users/DELL/Desktop/Logic Design Project/project/AES-128-Verilog/src/Encryption_Round.v Line: 3
    Warning (15610): No output dependent on input pin "in[19]" File: C:/Users/DELL/Desktop/Logic Design Project/project/AES-128-Verilog/src/Encryption_Round.v Line: 3
    Warning (15610): No output dependent on input pin "in[20]" File: C:/Users/DELL/Desktop/Logic Design Project/project/AES-128-Verilog/src/Encryption_Round.v Line: 3
    Warning (15610): No output dependent on input pin "in[21]" File: C:/Users/DELL/Desktop/Logic Design Project/project/AES-128-Verilog/src/Encryption_Round.v Line: 3
    Warning (15610): No output dependent on input pin "in[22]" File: C:/Users/DELL/Desktop/Logic Design Project/project/AES-128-Verilog/src/Encryption_Round.v Line: 3
    Warning (15610): No output dependent on input pin "in[23]" File: C:/Users/DELL/Desktop/Logic Design Project/project/AES-128-Verilog/src/Encryption_Round.v Line: 3
    Warning (15610): No output dependent on input pin "in[24]" File: C:/Users/DELL/Desktop/Logic Design Project/project/AES-128-Verilog/src/Encryption_Round.v Line: 3
    Warning (15610): No output dependent on input pin "in[25]" File: C:/Users/DELL/Desktop/Logic Design Project/project/AES-128-Verilog/src/Encryption_Round.v Line: 3
    Warning (15610): No output dependent on input pin "in[26]" File: C:/Users/DELL/Desktop/Logic Design Project/project/AES-128-Verilog/src/Encryption_Round.v Line: 3
    Warning (15610): No output dependent on input pin "in[27]" File: C:/Users/DELL/Desktop/Logic Design Project/project/AES-128-Verilog/src/Encryption_Round.v Line: 3
    Warning (15610): No output dependent on input pin "in[28]" File: C:/Users/DELL/Desktop/Logic Design Project/project/AES-128-Verilog/src/Encryption_Round.v Line: 3
    Warning (15610): No output dependent on input pin "in[29]" File: C:/Users/DELL/Desktop/Logic Design Project/project/AES-128-Verilog/src/Encryption_Round.v Line: 3
    Warning (15610): No output dependent on input pin "in[30]" File: C:/Users/DELL/Desktop/Logic Design Project/project/AES-128-Verilog/src/Encryption_Round.v Line: 3
    Warning (15610): No output dependent on input pin "in[31]" File: C:/Users/DELL/Desktop/Logic Design Project/project/AES-128-Verilog/src/Encryption_Round.v Line: 3
    Warning (15610): No output dependent on input pin "in[32]" File: C:/Users/DELL/Desktop/Logic Design Project/project/AES-128-Verilog/src/Encryption_Round.v Line: 3
    Warning (15610): No output dependent on input pin "in[33]" File: C:/Users/DELL/Desktop/Logic Design Project/project/AES-128-Verilog/src/Encryption_Round.v Line: 3
    Warning (15610): No output dependent on input pin "in[34]" File: C:/Users/DELL/Desktop/Logic Design Project/project/AES-128-Verilog/src/Encryption_Round.v Line: 3
    Warning (15610): No output dependent on input pin "in[35]" File: C:/Users/DELL/Desktop/Logic Design Project/project/AES-128-Verilog/src/Encryption_Round.v Line: 3
    Warning (15610): No output dependent on input pin "in[36]" File: C:/Users/DELL/Desktop/Logic Design Project/project/AES-128-Verilog/src/Encryption_Round.v Line: 3
    Warning (15610): No output dependent on input pin "in[37]" File: C:/Users/DELL/Desktop/Logic Design Project/project/AES-128-Verilog/src/Encryption_Round.v Line: 3
    Warning (15610): No output dependent on input pin "in[38]" File: C:/Users/DELL/Desktop/Logic Design Project/project/AES-128-Verilog/src/Encryption_Round.v Line: 3
    Warning (15610): No output dependent on input pin "in[39]" File: C:/Users/DELL/Desktop/Logic Design Project/project/AES-128-Verilog/src/Encryption_Round.v Line: 3
    Warning (15610): No output dependent on input pin "in[40]" File: C:/Users/DELL/Desktop/Logic Design Project/project/AES-128-Verilog/src/Encryption_Round.v Line: 3
    Warning (15610): No output dependent on input pin "in[41]" File: C:/Users/DELL/Desktop/Logic Design Project/project/AES-128-Verilog/src/Encryption_Round.v Line: 3
    Warning (15610): No output dependent on input pin "in[42]" File: C:/Users/DELL/Desktop/Logic Design Project/project/AES-128-Verilog/src/Encryption_Round.v Line: 3
    Warning (15610): No output dependent on input pin "in[43]" File: C:/Users/DELL/Desktop/Logic Design Project/project/AES-128-Verilog/src/Encryption_Round.v Line: 3
    Warning (15610): No output dependent on input pin "in[44]" File: C:/Users/DELL/Desktop/Logic Design Project/project/AES-128-Verilog/src/Encryption_Round.v Line: 3
    Warning (15610): No output dependent on input pin "in[45]" File: C:/Users/DELL/Desktop/Logic Design Project/project/AES-128-Verilog/src/Encryption_Round.v Line: 3
    Warning (15610): No output dependent on input pin "in[46]" File: C:/Users/DELL/Desktop/Logic Design Project/project/AES-128-Verilog/src/Encryption_Round.v Line: 3
    Warning (15610): No output dependent on input pin "in[47]" File: C:/Users/DELL/Desktop/Logic Design Project/project/AES-128-Verilog/src/Encryption_Round.v Line: 3
    Warning (15610): No output dependent on input pin "in[48]" File: C:/Users/DELL/Desktop/Logic Design Project/project/AES-128-Verilog/src/Encryption_Round.v Line: 3
    Warning (15610): No output dependent on input pin "in[49]" File: C:/Users/DELL/Desktop/Logic Design Project/project/AES-128-Verilog/src/Encryption_Round.v Line: 3
    Warning (15610): No output dependent on input pin "in[50]" File: C:/Users/DELL/Desktop/Logic Design Project/project/AES-128-Verilog/src/Encryption_Round.v Line: 3
    Warning (15610): No output dependent on input pin "in[51]" File: C:/Users/DELL/Desktop/Logic Design Project/project/AES-128-Verilog/src/Encryption_Round.v Line: 3
    Warning (15610): No output dependent on input pin "in[52]" File: C:/Users/DELL/Desktop/Logic Design Project/project/AES-128-Verilog/src/Encryption_Round.v Line: 3
    Warning (15610): No output dependent on input pin "in[53]" File: C:/Users/DELL/Desktop/Logic Design Project/project/AES-128-Verilog/src/Encryption_Round.v Line: 3
    Warning (15610): No output dependent on input pin "in[54]" File: C:/Users/DELL/Desktop/Logic Design Project/project/AES-128-Verilog/src/Encryption_Round.v Line: 3
    Warning (15610): No output dependent on input pin "in[55]" File: C:/Users/DELL/Desktop/Logic Design Project/project/AES-128-Verilog/src/Encryption_Round.v Line: 3
    Warning (15610): No output dependent on input pin "in[56]" File: C:/Users/DELL/Desktop/Logic Design Project/project/AES-128-Verilog/src/Encryption_Round.v Line: 3
    Warning (15610): No output dependent on input pin "in[57]" File: C:/Users/DELL/Desktop/Logic Design Project/project/AES-128-Verilog/src/Encryption_Round.v Line: 3
    Warning (15610): No output dependent on input pin "in[58]" File: C:/Users/DELL/Desktop/Logic Design Project/project/AES-128-Verilog/src/Encryption_Round.v Line: 3
    Warning (15610): No output dependent on input pin "in[59]" File: C:/Users/DELL/Desktop/Logic Design Project/project/AES-128-Verilog/src/Encryption_Round.v Line: 3
    Warning (15610): No output dependent on input pin "in[60]" File: C:/Users/DELL/Desktop/Logic Design Project/project/AES-128-Verilog/src/Encryption_Round.v Line: 3
    Warning (15610): No output dependent on input pin "in[61]" File: C:/Users/DELL/Desktop/Logic Design Project/project/AES-128-Verilog/src/Encryption_Round.v Line: 3
    Warning (15610): No output dependent on input pin "in[62]" File: C:/Users/DELL/Desktop/Logic Design Project/project/AES-128-Verilog/src/Encryption_Round.v Line: 3
    Warning (15610): No output dependent on input pin "in[63]" File: C:/Users/DELL/Desktop/Logic Design Project/project/AES-128-Verilog/src/Encryption_Round.v Line: 3
    Warning (15610): No output dependent on input pin "in[64]" File: C:/Users/DELL/Desktop/Logic Design Project/project/AES-128-Verilog/src/Encryption_Round.v Line: 3
    Warning (15610): No output dependent on input pin "in[65]" File: C:/Users/DELL/Desktop/Logic Design Project/project/AES-128-Verilog/src/Encryption_Round.v Line: 3
    Warning (15610): No output dependent on input pin "in[66]" File: C:/Users/DELL/Desktop/Logic Design Project/project/AES-128-Verilog/src/Encryption_Round.v Line: 3
    Warning (15610): No output dependent on input pin "in[67]" File: C:/Users/DELL/Desktop/Logic Design Project/project/AES-128-Verilog/src/Encryption_Round.v Line: 3
    Warning (15610): No output dependent on input pin "in[68]" File: C:/Users/DELL/Desktop/Logic Design Project/project/AES-128-Verilog/src/Encryption_Round.v Line: 3
    Warning (15610): No output dependent on input pin "in[69]" File: C:/Users/DELL/Desktop/Logic Design Project/project/AES-128-Verilog/src/Encryption_Round.v Line: 3
    Warning (15610): No output dependent on input pin "in[70]" File: C:/Users/DELL/Desktop/Logic Design Project/project/AES-128-Verilog/src/Encryption_Round.v Line: 3
    Warning (15610): No output dependent on input pin "in[71]" File: C:/Users/DELL/Desktop/Logic Design Project/project/AES-128-Verilog/src/Encryption_Round.v Line: 3
    Warning (15610): No output dependent on input pin "in[72]" File: C:/Users/DELL/Desktop/Logic Design Project/project/AES-128-Verilog/src/Encryption_Round.v Line: 3
    Warning (15610): No output dependent on input pin "in[73]" File: C:/Users/DELL/Desktop/Logic Design Project/project/AES-128-Verilog/src/Encryption_Round.v Line: 3
    Warning (15610): No output dependent on input pin "in[74]" File: C:/Users/DELL/Desktop/Logic Design Project/project/AES-128-Verilog/src/Encryption_Round.v Line: 3
    Warning (15610): No output dependent on input pin "in[75]" File: C:/Users/DELL/Desktop/Logic Design Project/project/AES-128-Verilog/src/Encryption_Round.v Line: 3
    Warning (15610): No output dependent on input pin "in[76]" File: C:/Users/DELL/Desktop/Logic Design Project/project/AES-128-Verilog/src/Encryption_Round.v Line: 3
    Warning (15610): No output dependent on input pin "in[77]" File: C:/Users/DELL/Desktop/Logic Design Project/project/AES-128-Verilog/src/Encryption_Round.v Line: 3
    Warning (15610): No output dependent on input pin "in[78]" File: C:/Users/DELL/Desktop/Logic Design Project/project/AES-128-Verilog/src/Encryption_Round.v Line: 3
    Warning (15610): No output dependent on input pin "in[79]" File: C:/Users/DELL/Desktop/Logic Design Project/project/AES-128-Verilog/src/Encryption_Round.v Line: 3
    Warning (15610): No output dependent on input pin "in[80]" File: C:/Users/DELL/Desktop/Logic Design Project/project/AES-128-Verilog/src/Encryption_Round.v Line: 3
    Warning (15610): No output dependent on input pin "in[81]" File: C:/Users/DELL/Desktop/Logic Design Project/project/AES-128-Verilog/src/Encryption_Round.v Line: 3
    Warning (15610): No output dependent on input pin "in[82]" File: C:/Users/DELL/Desktop/Logic Design Project/project/AES-128-Verilog/src/Encryption_Round.v Line: 3
    Warning (15610): No output dependent on input pin "in[83]" File: C:/Users/DELL/Desktop/Logic Design Project/project/AES-128-Verilog/src/Encryption_Round.v Line: 3
    Warning (15610): No output dependent on input pin "in[84]" File: C:/Users/DELL/Desktop/Logic Design Project/project/AES-128-Verilog/src/Encryption_Round.v Line: 3
    Warning (15610): No output dependent on input pin "in[85]" File: C:/Users/DELL/Desktop/Logic Design Project/project/AES-128-Verilog/src/Encryption_Round.v Line: 3
    Warning (15610): No output dependent on input pin "in[86]" File: C:/Users/DELL/Desktop/Logic Design Project/project/AES-128-Verilog/src/Encryption_Round.v Line: 3
    Warning (15610): No output dependent on input pin "in[87]" File: C:/Users/DELL/Desktop/Logic Design Project/project/AES-128-Verilog/src/Encryption_Round.v Line: 3
    Warning (15610): No output dependent on input pin "in[88]" File: C:/Users/DELL/Desktop/Logic Design Project/project/AES-128-Verilog/src/Encryption_Round.v Line: 3
    Warning (15610): No output dependent on input pin "in[89]" File: C:/Users/DELL/Desktop/Logic Design Project/project/AES-128-Verilog/src/Encryption_Round.v Line: 3
    Warning (15610): No output dependent on input pin "in[90]" File: C:/Users/DELL/Desktop/Logic Design Project/project/AES-128-Verilog/src/Encryption_Round.v Line: 3
    Warning (15610): No output dependent on input pin "in[91]" File: C:/Users/DELL/Desktop/Logic Design Project/project/AES-128-Verilog/src/Encryption_Round.v Line: 3
    Warning (15610): No output dependent on input pin "in[92]" File: C:/Users/DELL/Desktop/Logic Design Project/project/AES-128-Verilog/src/Encryption_Round.v Line: 3
    Warning (15610): No output dependent on input pin "in[93]" File: C:/Users/DELL/Desktop/Logic Design Project/project/AES-128-Verilog/src/Encryption_Round.v Line: 3
    Warning (15610): No output dependent on input pin "in[94]" File: C:/Users/DELL/Desktop/Logic Design Project/project/AES-128-Verilog/src/Encryption_Round.v Line: 3
    Warning (15610): No output dependent on input pin "in[95]" File: C:/Users/DELL/Desktop/Logic Design Project/project/AES-128-Verilog/src/Encryption_Round.v Line: 3
    Warning (15610): No output dependent on input pin "in[96]" File: C:/Users/DELL/Desktop/Logic Design Project/project/AES-128-Verilog/src/Encryption_Round.v Line: 3
    Warning (15610): No output dependent on input pin "in[97]" File: C:/Users/DELL/Desktop/Logic Design Project/project/AES-128-Verilog/src/Encryption_Round.v Line: 3
    Warning (15610): No output dependent on input pin "in[98]" File: C:/Users/DELL/Desktop/Logic Design Project/project/AES-128-Verilog/src/Encryption_Round.v Line: 3
    Warning (15610): No output dependent on input pin "in[99]" File: C:/Users/DELL/Desktop/Logic Design Project/project/AES-128-Verilog/src/Encryption_Round.v Line: 3
    Warning (15610): No output dependent on input pin "in[100]" File: C:/Users/DELL/Desktop/Logic Design Project/project/AES-128-Verilog/src/Encryption_Round.v Line: 3
    Warning (15610): No output dependent on input pin "in[101]" File: C:/Users/DELL/Desktop/Logic Design Project/project/AES-128-Verilog/src/Encryption_Round.v Line: 3
    Warning (15610): No output dependent on input pin "in[102]" File: C:/Users/DELL/Desktop/Logic Design Project/project/AES-128-Verilog/src/Encryption_Round.v Line: 3
    Warning (15610): No output dependent on input pin "in[103]" File: C:/Users/DELL/Desktop/Logic Design Project/project/AES-128-Verilog/src/Encryption_Round.v Line: 3
    Warning (15610): No output dependent on input pin "in[104]" File: C:/Users/DELL/Desktop/Logic Design Project/project/AES-128-Verilog/src/Encryption_Round.v Line: 3
    Warning (15610): No output dependent on input pin "in[105]" File: C:/Users/DELL/Desktop/Logic Design Project/project/AES-128-Verilog/src/Encryption_Round.v Line: 3
    Warning (15610): No output dependent on input pin "in[106]" File: C:/Users/DELL/Desktop/Logic Design Project/project/AES-128-Verilog/src/Encryption_Round.v Line: 3
    Warning (15610): No output dependent on input pin "in[107]" File: C:/Users/DELL/Desktop/Logic Design Project/project/AES-128-Verilog/src/Encryption_Round.v Line: 3
    Warning (15610): No output dependent on input pin "in[108]" File: C:/Users/DELL/Desktop/Logic Design Project/project/AES-128-Verilog/src/Encryption_Round.v Line: 3
    Warning (15610): No output dependent on input pin "in[109]" File: C:/Users/DELL/Desktop/Logic Design Project/project/AES-128-Verilog/src/Encryption_Round.v Line: 3
    Warning (15610): No output dependent on input pin "in[110]" File: C:/Users/DELL/Desktop/Logic Design Project/project/AES-128-Verilog/src/Encryption_Round.v Line: 3
    Warning (15610): No output dependent on input pin "in[111]" File: C:/Users/DELL/Desktop/Logic Design Project/project/AES-128-Verilog/src/Encryption_Round.v Line: 3
    Warning (15610): No output dependent on input pin "in[112]" File: C:/Users/DELL/Desktop/Logic Design Project/project/AES-128-Verilog/src/Encryption_Round.v Line: 3
    Warning (15610): No output dependent on input pin "in[113]" File: C:/Users/DELL/Desktop/Logic Design Project/project/AES-128-Verilog/src/Encryption_Round.v Line: 3
    Warning (15610): No output dependent on input pin "in[114]" File: C:/Users/DELL/Desktop/Logic Design Project/project/AES-128-Verilog/src/Encryption_Round.v Line: 3
    Warning (15610): No output dependent on input pin "in[115]" File: C:/Users/DELL/Desktop/Logic Design Project/project/AES-128-Verilog/src/Encryption_Round.v Line: 3
    Warning (15610): No output dependent on input pin "in[116]" File: C:/Users/DELL/Desktop/Logic Design Project/project/AES-128-Verilog/src/Encryption_Round.v Line: 3
    Warning (15610): No output dependent on input pin "in[117]" File: C:/Users/DELL/Desktop/Logic Design Project/project/AES-128-Verilog/src/Encryption_Round.v Line: 3
    Warning (15610): No output dependent on input pin "in[118]" File: C:/Users/DELL/Desktop/Logic Design Project/project/AES-128-Verilog/src/Encryption_Round.v Line: 3
    Warning (15610): No output dependent on input pin "in[119]" File: C:/Users/DELL/Desktop/Logic Design Project/project/AES-128-Verilog/src/Encryption_Round.v Line: 3
    Warning (15610): No output dependent on input pin "in[120]" File: C:/Users/DELL/Desktop/Logic Design Project/project/AES-128-Verilog/src/Encryption_Round.v Line: 3
    Warning (15610): No output dependent on input pin "in[121]" File: C:/Users/DELL/Desktop/Logic Design Project/project/AES-128-Verilog/src/Encryption_Round.v Line: 3
    Warning (15610): No output dependent on input pin "in[122]" File: C:/Users/DELL/Desktop/Logic Design Project/project/AES-128-Verilog/src/Encryption_Round.v Line: 3
    Warning (15610): No output dependent on input pin "in[123]" File: C:/Users/DELL/Desktop/Logic Design Project/project/AES-128-Verilog/src/Encryption_Round.v Line: 3
    Warning (15610): No output dependent on input pin "in[124]" File: C:/Users/DELL/Desktop/Logic Design Project/project/AES-128-Verilog/src/Encryption_Round.v Line: 3
    Warning (15610): No output dependent on input pin "in[125]" File: C:/Users/DELL/Desktop/Logic Design Project/project/AES-128-Verilog/src/Encryption_Round.v Line: 3
    Warning (15610): No output dependent on input pin "in[126]" File: C:/Users/DELL/Desktop/Logic Design Project/project/AES-128-Verilog/src/Encryption_Round.v Line: 3
    Warning (15610): No output dependent on input pin "in[127]" File: C:/Users/DELL/Desktop/Logic Design Project/project/AES-128-Verilog/src/Encryption_Round.v Line: 3
    Warning (15610): No output dependent on input pin "key[0]" File: C:/Users/DELL/Desktop/Logic Design Project/project/AES-128-Verilog/src/Encryption_Round.v Line: 5
    Warning (15610): No output dependent on input pin "key[1]" File: C:/Users/DELL/Desktop/Logic Design Project/project/AES-128-Verilog/src/Encryption_Round.v Line: 5
    Warning (15610): No output dependent on input pin "key[2]" File: C:/Users/DELL/Desktop/Logic Design Project/project/AES-128-Verilog/src/Encryption_Round.v Line: 5
    Warning (15610): No output dependent on input pin "key[3]" File: C:/Users/DELL/Desktop/Logic Design Project/project/AES-128-Verilog/src/Encryption_Round.v Line: 5
    Warning (15610): No output dependent on input pin "key[4]" File: C:/Users/DELL/Desktop/Logic Design Project/project/AES-128-Verilog/src/Encryption_Round.v Line: 5
    Warning (15610): No output dependent on input pin "key[5]" File: C:/Users/DELL/Desktop/Logic Design Project/project/AES-128-Verilog/src/Encryption_Round.v Line: 5
    Warning (15610): No output dependent on input pin "key[6]" File: C:/Users/DELL/Desktop/Logic Design Project/project/AES-128-Verilog/src/Encryption_Round.v Line: 5
    Warning (15610): No output dependent on input pin "key[7]" File: C:/Users/DELL/Desktop/Logic Design Project/project/AES-128-Verilog/src/Encryption_Round.v Line: 5
    Warning (15610): No output dependent on input pin "key[8]" File: C:/Users/DELL/Desktop/Logic Design Project/project/AES-128-Verilog/src/Encryption_Round.v Line: 5
    Warning (15610): No output dependent on input pin "key[9]" File: C:/Users/DELL/Desktop/Logic Design Project/project/AES-128-Verilog/src/Encryption_Round.v Line: 5
    Warning (15610): No output dependent on input pin "key[10]" File: C:/Users/DELL/Desktop/Logic Design Project/project/AES-128-Verilog/src/Encryption_Round.v Line: 5
    Warning (15610): No output dependent on input pin "key[11]" File: C:/Users/DELL/Desktop/Logic Design Project/project/AES-128-Verilog/src/Encryption_Round.v Line: 5
    Warning (15610): No output dependent on input pin "key[12]" File: C:/Users/DELL/Desktop/Logic Design Project/project/AES-128-Verilog/src/Encryption_Round.v Line: 5
    Warning (15610): No output dependent on input pin "key[13]" File: C:/Users/DELL/Desktop/Logic Design Project/project/AES-128-Verilog/src/Encryption_Round.v Line: 5
    Warning (15610): No output dependent on input pin "key[14]" File: C:/Users/DELL/Desktop/Logic Design Project/project/AES-128-Verilog/src/Encryption_Round.v Line: 5
    Warning (15610): No output dependent on input pin "key[15]" File: C:/Users/DELL/Desktop/Logic Design Project/project/AES-128-Verilog/src/Encryption_Round.v Line: 5
    Warning (15610): No output dependent on input pin "key[16]" File: C:/Users/DELL/Desktop/Logic Design Project/project/AES-128-Verilog/src/Encryption_Round.v Line: 5
    Warning (15610): No output dependent on input pin "key[17]" File: C:/Users/DELL/Desktop/Logic Design Project/project/AES-128-Verilog/src/Encryption_Round.v Line: 5
    Warning (15610): No output dependent on input pin "key[18]" File: C:/Users/DELL/Desktop/Logic Design Project/project/AES-128-Verilog/src/Encryption_Round.v Line: 5
    Warning (15610): No output dependent on input pin "key[19]" File: C:/Users/DELL/Desktop/Logic Design Project/project/AES-128-Verilog/src/Encryption_Round.v Line: 5
    Warning (15610): No output dependent on input pin "key[20]" File: C:/Users/DELL/Desktop/Logic Design Project/project/AES-128-Verilog/src/Encryption_Round.v Line: 5
    Warning (15610): No output dependent on input pin "key[21]" File: C:/Users/DELL/Desktop/Logic Design Project/project/AES-128-Verilog/src/Encryption_Round.v Line: 5
    Warning (15610): No output dependent on input pin "key[22]" File: C:/Users/DELL/Desktop/Logic Design Project/project/AES-128-Verilog/src/Encryption_Round.v Line: 5
    Warning (15610): No output dependent on input pin "key[23]" File: C:/Users/DELL/Desktop/Logic Design Project/project/AES-128-Verilog/src/Encryption_Round.v Line: 5
    Warning (15610): No output dependent on input pin "key[24]" File: C:/Users/DELL/Desktop/Logic Design Project/project/AES-128-Verilog/src/Encryption_Round.v Line: 5
    Warning (15610): No output dependent on input pin "key[25]" File: C:/Users/DELL/Desktop/Logic Design Project/project/AES-128-Verilog/src/Encryption_Round.v Line: 5
    Warning (15610): No output dependent on input pin "key[26]" File: C:/Users/DELL/Desktop/Logic Design Project/project/AES-128-Verilog/src/Encryption_Round.v Line: 5
    Warning (15610): No output dependent on input pin "key[27]" File: C:/Users/DELL/Desktop/Logic Design Project/project/AES-128-Verilog/src/Encryption_Round.v Line: 5
    Warning (15610): No output dependent on input pin "key[28]" File: C:/Users/DELL/Desktop/Logic Design Project/project/AES-128-Verilog/src/Encryption_Round.v Line: 5
    Warning (15610): No output dependent on input pin "key[29]" File: C:/Users/DELL/Desktop/Logic Design Project/project/AES-128-Verilog/src/Encryption_Round.v Line: 5
    Warning (15610): No output dependent on input pin "key[30]" File: C:/Users/DELL/Desktop/Logic Design Project/project/AES-128-Verilog/src/Encryption_Round.v Line: 5
    Warning (15610): No output dependent on input pin "key[31]" File: C:/Users/DELL/Desktop/Logic Design Project/project/AES-128-Verilog/src/Encryption_Round.v Line: 5
    Warning (15610): No output dependent on input pin "key[32]" File: C:/Users/DELL/Desktop/Logic Design Project/project/AES-128-Verilog/src/Encryption_Round.v Line: 5
    Warning (15610): No output dependent on input pin "key[33]" File: C:/Users/DELL/Desktop/Logic Design Project/project/AES-128-Verilog/src/Encryption_Round.v Line: 5
    Warning (15610): No output dependent on input pin "key[34]" File: C:/Users/DELL/Desktop/Logic Design Project/project/AES-128-Verilog/src/Encryption_Round.v Line: 5
    Warning (15610): No output dependent on input pin "key[35]" File: C:/Users/DELL/Desktop/Logic Design Project/project/AES-128-Verilog/src/Encryption_Round.v Line: 5
    Warning (15610): No output dependent on input pin "key[36]" File: C:/Users/DELL/Desktop/Logic Design Project/project/AES-128-Verilog/src/Encryption_Round.v Line: 5
    Warning (15610): No output dependent on input pin "key[37]" File: C:/Users/DELL/Desktop/Logic Design Project/project/AES-128-Verilog/src/Encryption_Round.v Line: 5
    Warning (15610): No output dependent on input pin "key[38]" File: C:/Users/DELL/Desktop/Logic Design Project/project/AES-128-Verilog/src/Encryption_Round.v Line: 5
    Warning (15610): No output dependent on input pin "key[39]" File: C:/Users/DELL/Desktop/Logic Design Project/project/AES-128-Verilog/src/Encryption_Round.v Line: 5
    Warning (15610): No output dependent on input pin "key[40]" File: C:/Users/DELL/Desktop/Logic Design Project/project/AES-128-Verilog/src/Encryption_Round.v Line: 5
    Warning (15610): No output dependent on input pin "key[41]" File: C:/Users/DELL/Desktop/Logic Design Project/project/AES-128-Verilog/src/Encryption_Round.v Line: 5
    Warning (15610): No output dependent on input pin "key[42]" File: C:/Users/DELL/Desktop/Logic Design Project/project/AES-128-Verilog/src/Encryption_Round.v Line: 5
    Warning (15610): No output dependent on input pin "key[43]" File: C:/Users/DELL/Desktop/Logic Design Project/project/AES-128-Verilog/src/Encryption_Round.v Line: 5
    Warning (15610): No output dependent on input pin "key[44]" File: C:/Users/DELL/Desktop/Logic Design Project/project/AES-128-Verilog/src/Encryption_Round.v Line: 5
    Warning (15610): No output dependent on input pin "key[45]" File: C:/Users/DELL/Desktop/Logic Design Project/project/AES-128-Verilog/src/Encryption_Round.v Line: 5
    Warning (15610): No output dependent on input pin "key[46]" File: C:/Users/DELL/Desktop/Logic Design Project/project/AES-128-Verilog/src/Encryption_Round.v Line: 5
    Warning (15610): No output dependent on input pin "key[47]" File: C:/Users/DELL/Desktop/Logic Design Project/project/AES-128-Verilog/src/Encryption_Round.v Line: 5
    Warning (15610): No output dependent on input pin "key[48]" File: C:/Users/DELL/Desktop/Logic Design Project/project/AES-128-Verilog/src/Encryption_Round.v Line: 5
    Warning (15610): No output dependent on input pin "key[49]" File: C:/Users/DELL/Desktop/Logic Design Project/project/AES-128-Verilog/src/Encryption_Round.v Line: 5
    Warning (15610): No output dependent on input pin "key[50]" File: C:/Users/DELL/Desktop/Logic Design Project/project/AES-128-Verilog/src/Encryption_Round.v Line: 5
    Warning (15610): No output dependent on input pin "key[51]" File: C:/Users/DELL/Desktop/Logic Design Project/project/AES-128-Verilog/src/Encryption_Round.v Line: 5
    Warning (15610): No output dependent on input pin "key[52]" File: C:/Users/DELL/Desktop/Logic Design Project/project/AES-128-Verilog/src/Encryption_Round.v Line: 5
    Warning (15610): No output dependent on input pin "key[53]" File: C:/Users/DELL/Desktop/Logic Design Project/project/AES-128-Verilog/src/Encryption_Round.v Line: 5
    Warning (15610): No output dependent on input pin "key[54]" File: C:/Users/DELL/Desktop/Logic Design Project/project/AES-128-Verilog/src/Encryption_Round.v Line: 5
    Warning (15610): No output dependent on input pin "key[55]" File: C:/Users/DELL/Desktop/Logic Design Project/project/AES-128-Verilog/src/Encryption_Round.v Line: 5
    Warning (15610): No output dependent on input pin "key[56]" File: C:/Users/DELL/Desktop/Logic Design Project/project/AES-128-Verilog/src/Encryption_Round.v Line: 5
    Warning (15610): No output dependent on input pin "key[57]" File: C:/Users/DELL/Desktop/Logic Design Project/project/AES-128-Verilog/src/Encryption_Round.v Line: 5
    Warning (15610): No output dependent on input pin "key[58]" File: C:/Users/DELL/Desktop/Logic Design Project/project/AES-128-Verilog/src/Encryption_Round.v Line: 5
    Warning (15610): No output dependent on input pin "key[59]" File: C:/Users/DELL/Desktop/Logic Design Project/project/AES-128-Verilog/src/Encryption_Round.v Line: 5
    Warning (15610): No output dependent on input pin "key[60]" File: C:/Users/DELL/Desktop/Logic Design Project/project/AES-128-Verilog/src/Encryption_Round.v Line: 5
    Warning (15610): No output dependent on input pin "key[61]" File: C:/Users/DELL/Desktop/Logic Design Project/project/AES-128-Verilog/src/Encryption_Round.v Line: 5
    Warning (15610): No output dependent on input pin "key[62]" File: C:/Users/DELL/Desktop/Logic Design Project/project/AES-128-Verilog/src/Encryption_Round.v Line: 5
    Warning (15610): No output dependent on input pin "key[63]" File: C:/Users/DELL/Desktop/Logic Design Project/project/AES-128-Verilog/src/Encryption_Round.v Line: 5
    Warning (15610): No output dependent on input pin "key[64]" File: C:/Users/DELL/Desktop/Logic Design Project/project/AES-128-Verilog/src/Encryption_Round.v Line: 5
    Warning (15610): No output dependent on input pin "key[65]" File: C:/Users/DELL/Desktop/Logic Design Project/project/AES-128-Verilog/src/Encryption_Round.v Line: 5
    Warning (15610): No output dependent on input pin "key[66]" File: C:/Users/DELL/Desktop/Logic Design Project/project/AES-128-Verilog/src/Encryption_Round.v Line: 5
    Warning (15610): No output dependent on input pin "key[67]" File: C:/Users/DELL/Desktop/Logic Design Project/project/AES-128-Verilog/src/Encryption_Round.v Line: 5
    Warning (15610): No output dependent on input pin "key[68]" File: C:/Users/DELL/Desktop/Logic Design Project/project/AES-128-Verilog/src/Encryption_Round.v Line: 5
    Warning (15610): No output dependent on input pin "key[69]" File: C:/Users/DELL/Desktop/Logic Design Project/project/AES-128-Verilog/src/Encryption_Round.v Line: 5
    Warning (15610): No output dependent on input pin "key[70]" File: C:/Users/DELL/Desktop/Logic Design Project/project/AES-128-Verilog/src/Encryption_Round.v Line: 5
    Warning (15610): No output dependent on input pin "key[71]" File: C:/Users/DELL/Desktop/Logic Design Project/project/AES-128-Verilog/src/Encryption_Round.v Line: 5
    Warning (15610): No output dependent on input pin "key[72]" File: C:/Users/DELL/Desktop/Logic Design Project/project/AES-128-Verilog/src/Encryption_Round.v Line: 5
    Warning (15610): No output dependent on input pin "key[73]" File: C:/Users/DELL/Desktop/Logic Design Project/project/AES-128-Verilog/src/Encryption_Round.v Line: 5
    Warning (15610): No output dependent on input pin "key[74]" File: C:/Users/DELL/Desktop/Logic Design Project/project/AES-128-Verilog/src/Encryption_Round.v Line: 5
    Warning (15610): No output dependent on input pin "key[75]" File: C:/Users/DELL/Desktop/Logic Design Project/project/AES-128-Verilog/src/Encryption_Round.v Line: 5
    Warning (15610): No output dependent on input pin "key[76]" File: C:/Users/DELL/Desktop/Logic Design Project/project/AES-128-Verilog/src/Encryption_Round.v Line: 5
    Warning (15610): No output dependent on input pin "key[77]" File: C:/Users/DELL/Desktop/Logic Design Project/project/AES-128-Verilog/src/Encryption_Round.v Line: 5
    Warning (15610): No output dependent on input pin "key[78]" File: C:/Users/DELL/Desktop/Logic Design Project/project/AES-128-Verilog/src/Encryption_Round.v Line: 5
    Warning (15610): No output dependent on input pin "key[79]" File: C:/Users/DELL/Desktop/Logic Design Project/project/AES-128-Verilog/src/Encryption_Round.v Line: 5
    Warning (15610): No output dependent on input pin "key[80]" File: C:/Users/DELL/Desktop/Logic Design Project/project/AES-128-Verilog/src/Encryption_Round.v Line: 5
    Warning (15610): No output dependent on input pin "key[81]" File: C:/Users/DELL/Desktop/Logic Design Project/project/AES-128-Verilog/src/Encryption_Round.v Line: 5
    Warning (15610): No output dependent on input pin "key[82]" File: C:/Users/DELL/Desktop/Logic Design Project/project/AES-128-Verilog/src/Encryption_Round.v Line: 5
    Warning (15610): No output dependent on input pin "key[83]" File: C:/Users/DELL/Desktop/Logic Design Project/project/AES-128-Verilog/src/Encryption_Round.v Line: 5
    Warning (15610): No output dependent on input pin "key[84]" File: C:/Users/DELL/Desktop/Logic Design Project/project/AES-128-Verilog/src/Encryption_Round.v Line: 5
    Warning (15610): No output dependent on input pin "key[85]" File: C:/Users/DELL/Desktop/Logic Design Project/project/AES-128-Verilog/src/Encryption_Round.v Line: 5
    Warning (15610): No output dependent on input pin "key[86]" File: C:/Users/DELL/Desktop/Logic Design Project/project/AES-128-Verilog/src/Encryption_Round.v Line: 5
    Warning (15610): No output dependent on input pin "key[87]" File: C:/Users/DELL/Desktop/Logic Design Project/project/AES-128-Verilog/src/Encryption_Round.v Line: 5
    Warning (15610): No output dependent on input pin "key[88]" File: C:/Users/DELL/Desktop/Logic Design Project/project/AES-128-Verilog/src/Encryption_Round.v Line: 5
    Warning (15610): No output dependent on input pin "key[89]" File: C:/Users/DELL/Desktop/Logic Design Project/project/AES-128-Verilog/src/Encryption_Round.v Line: 5
    Warning (15610): No output dependent on input pin "key[90]" File: C:/Users/DELL/Desktop/Logic Design Project/project/AES-128-Verilog/src/Encryption_Round.v Line: 5
    Warning (15610): No output dependent on input pin "key[91]" File: C:/Users/DELL/Desktop/Logic Design Project/project/AES-128-Verilog/src/Encryption_Round.v Line: 5
    Warning (15610): No output dependent on input pin "key[92]" File: C:/Users/DELL/Desktop/Logic Design Project/project/AES-128-Verilog/src/Encryption_Round.v Line: 5
    Warning (15610): No output dependent on input pin "key[93]" File: C:/Users/DELL/Desktop/Logic Design Project/project/AES-128-Verilog/src/Encryption_Round.v Line: 5
    Warning (15610): No output dependent on input pin "key[94]" File: C:/Users/DELL/Desktop/Logic Design Project/project/AES-128-Verilog/src/Encryption_Round.v Line: 5
    Warning (15610): No output dependent on input pin "key[95]" File: C:/Users/DELL/Desktop/Logic Design Project/project/AES-128-Verilog/src/Encryption_Round.v Line: 5
    Warning (15610): No output dependent on input pin "key[96]" File: C:/Users/DELL/Desktop/Logic Design Project/project/AES-128-Verilog/src/Encryption_Round.v Line: 5
    Warning (15610): No output dependent on input pin "key[97]" File: C:/Users/DELL/Desktop/Logic Design Project/project/AES-128-Verilog/src/Encryption_Round.v Line: 5
    Warning (15610): No output dependent on input pin "key[98]" File: C:/Users/DELL/Desktop/Logic Design Project/project/AES-128-Verilog/src/Encryption_Round.v Line: 5
    Warning (15610): No output dependent on input pin "key[99]" File: C:/Users/DELL/Desktop/Logic Design Project/project/AES-128-Verilog/src/Encryption_Round.v Line: 5
    Warning (15610): No output dependent on input pin "key[100]" File: C:/Users/DELL/Desktop/Logic Design Project/project/AES-128-Verilog/src/Encryption_Round.v Line: 5
    Warning (15610): No output dependent on input pin "key[101]" File: C:/Users/DELL/Desktop/Logic Design Project/project/AES-128-Verilog/src/Encryption_Round.v Line: 5
    Warning (15610): No output dependent on input pin "key[102]" File: C:/Users/DELL/Desktop/Logic Design Project/project/AES-128-Verilog/src/Encryption_Round.v Line: 5
    Warning (15610): No output dependent on input pin "key[103]" File: C:/Users/DELL/Desktop/Logic Design Project/project/AES-128-Verilog/src/Encryption_Round.v Line: 5
    Warning (15610): No output dependent on input pin "key[104]" File: C:/Users/DELL/Desktop/Logic Design Project/project/AES-128-Verilog/src/Encryption_Round.v Line: 5
    Warning (15610): No output dependent on input pin "key[105]" File: C:/Users/DELL/Desktop/Logic Design Project/project/AES-128-Verilog/src/Encryption_Round.v Line: 5
    Warning (15610): No output dependent on input pin "key[106]" File: C:/Users/DELL/Desktop/Logic Design Project/project/AES-128-Verilog/src/Encryption_Round.v Line: 5
    Warning (15610): No output dependent on input pin "key[107]" File: C:/Users/DELL/Desktop/Logic Design Project/project/AES-128-Verilog/src/Encryption_Round.v Line: 5
    Warning (15610): No output dependent on input pin "key[108]" File: C:/Users/DELL/Desktop/Logic Design Project/project/AES-128-Verilog/src/Encryption_Round.v Line: 5
    Warning (15610): No output dependent on input pin "key[109]" File: C:/Users/DELL/Desktop/Logic Design Project/project/AES-128-Verilog/src/Encryption_Round.v Line: 5
    Warning (15610): No output dependent on input pin "key[110]" File: C:/Users/DELL/Desktop/Logic Design Project/project/AES-128-Verilog/src/Encryption_Round.v Line: 5
    Warning (15610): No output dependent on input pin "key[111]" File: C:/Users/DELL/Desktop/Logic Design Project/project/AES-128-Verilog/src/Encryption_Round.v Line: 5
    Warning (15610): No output dependent on input pin "key[112]" File: C:/Users/DELL/Desktop/Logic Design Project/project/AES-128-Verilog/src/Encryption_Round.v Line: 5
    Warning (15610): No output dependent on input pin "key[113]" File: C:/Users/DELL/Desktop/Logic Design Project/project/AES-128-Verilog/src/Encryption_Round.v Line: 5
    Warning (15610): No output dependent on input pin "key[114]" File: C:/Users/DELL/Desktop/Logic Design Project/project/AES-128-Verilog/src/Encryption_Round.v Line: 5
    Warning (15610): No output dependent on input pin "key[115]" File: C:/Users/DELL/Desktop/Logic Design Project/project/AES-128-Verilog/src/Encryption_Round.v Line: 5
    Warning (15610): No output dependent on input pin "key[116]" File: C:/Users/DELL/Desktop/Logic Design Project/project/AES-128-Verilog/src/Encryption_Round.v Line: 5
    Warning (15610): No output dependent on input pin "key[117]" File: C:/Users/DELL/Desktop/Logic Design Project/project/AES-128-Verilog/src/Encryption_Round.v Line: 5
    Warning (15610): No output dependent on input pin "key[118]" File: C:/Users/DELL/Desktop/Logic Design Project/project/AES-128-Verilog/src/Encryption_Round.v Line: 5
    Warning (15610): No output dependent on input pin "key[119]" File: C:/Users/DELL/Desktop/Logic Design Project/project/AES-128-Verilog/src/Encryption_Round.v Line: 5
    Warning (15610): No output dependent on input pin "key[120]" File: C:/Users/DELL/Desktop/Logic Design Project/project/AES-128-Verilog/src/Encryption_Round.v Line: 5
    Warning (15610): No output dependent on input pin "key[121]" File: C:/Users/DELL/Desktop/Logic Design Project/project/AES-128-Verilog/src/Encryption_Round.v Line: 5
    Warning (15610): No output dependent on input pin "key[122]" File: C:/Users/DELL/Desktop/Logic Design Project/project/AES-128-Verilog/src/Encryption_Round.v Line: 5
    Warning (15610): No output dependent on input pin "key[123]" File: C:/Users/DELL/Desktop/Logic Design Project/project/AES-128-Verilog/src/Encryption_Round.v Line: 5
    Warning (15610): No output dependent on input pin "key[124]" File: C:/Users/DELL/Desktop/Logic Design Project/project/AES-128-Verilog/src/Encryption_Round.v Line: 5
    Warning (15610): No output dependent on input pin "key[125]" File: C:/Users/DELL/Desktop/Logic Design Project/project/AES-128-Verilog/src/Encryption_Round.v Line: 5
    Warning (15610): No output dependent on input pin "key[126]" File: C:/Users/DELL/Desktop/Logic Design Project/project/AES-128-Verilog/src/Encryption_Round.v Line: 5
    Warning (15610): No output dependent on input pin "key[127]" File: C:/Users/DELL/Desktop/Logic Design Project/project/AES-128-Verilog/src/Encryption_Round.v Line: 5
Info (21057): Implemented 384 device resources after synthesis - the final resource count might be different
    Info (21058): Implemented 256 input pins
    Info (21059): Implemented 128 output pins
Info: Quartus Prime Analysis & Synthesis was successful. 0 errors, 391 warnings
    Info: Peak virtual memory: 4828 megabytes
    Info: Processing ended: Mon Apr 29 17:26:16 2024
    Info: Elapsed time: 00:00:06
    Info: Total CPU time (on all processors): 00:00:03


+------------------------------------------+
; Analysis & Synthesis Suppressed Messages ;
+------------------------------------------+
The suppressed messages can be found in C:/Users/DELL/Desktop/Logic Design Project/project/AES-128-Verilog/src/output_files/Encryption_Round.map.smsg.


